If holds: (on b2 b5)/(no_destroyed b2)/(emptyhand)/(on_table b3)/(no_destroyed b4)/(no_detonated b4)/(on_table b1)/(clear b1)/(no_destroyed b3)/(no_destroyed b1)/(no_detonated b2)/(clear b2)/(no_destroyed b5)/(no_detonated b5)/(on_table b4)/(no_detonated b3)/(no_detonated b1)/(clear b3)/(no_destroyed_table)/(on b5 b4)
Execute: (pick_up b2 b5)

If holds: (no_detonated b2)/(clear b2)/(no_destroyed b5)/(no_detonated b5)/(on_table b4)/(no_detonated b3)/(holding b2)/(no_detonated b1)/(no_destroyed b2)/(clear b3)/(on_table b3)/(clear b5)/(no_destroyed b4)/(no_destroyed b3)/(no_detonated b4)/(on_table b1)/(clear b1)/(no_destroyed_table)/(on b5 b4)/(no_destroyed b1)
Execute: (put_down_nodet b2)

If holds: (no_detonated b2)/(clear b2)/(no_destroyed b5)/(no_detonated b5)/(on_table b4)/(no_detonated b3)/(no_detonated b1)/(no_destroyed b2)/(clear b3)/(emptyhand)/(on_table b3)/(clear b5)/(no_destroyed b4)/(no_detonated b4)/(on_table b1)/(on b5 b4)/(clear b1)/(no_destroyed_table)/(on_table b2)/(no_destroyed b3)/(no_destroyed b1)
Execute: (pick_up b5 b4)

If holds: (no_detonated b2)/(clear b2)/(no_destroyed b5)/(no_detonated b5)/(on_table b4)/(holding b5)/(no_detonated b3)/(no_detonated b1)/(no_destroyed b2)/(clear b3)/(clear b4)/(on_table b3)/(clear b5)/(no_destroyed b4)/(no_detonated b4)/(on_table b1)/(clear b1)/(no_destroyed_table)/(on_table b2)/(no_destroyed b3)/(no_destroyed b1)
Execute: (put_on_block_nodet b5 b1)

If holds: (no_detonated b2)/(clear b2)/(no_destroyed b5)/(no_detonated b5)/(on_table b4)/(no_detonated b3)/(no_detonated b1)/(no_destroyed b2)/(clear b3)/(clear b4)/(on b5 b1)/(emptyhand)/(on_table b3)/(clear b5)/(no_destroyed b4)/(no_detonated b4)/(on_table b1)/(no_destroyed_table)/(on_table b2)/(no_destroyed b3)/(no_destroyed b1)
Execute: (pick_up_from_table b3)

If holds: (no_detonated b2)/(clear b2)/(no_destroyed b5)/(on_table b4)/(no_detonated b3)/(no_detonated b1)/(no_destroyed b2)/(clear b3)/(clear b4)/(on b5 b1)/(detonated b5)/(emptyhand)/(on_table b3)/(clear b5)/(no_destroyed b4)/(no_detonated b4)/(on_table b1)/(no_destroyed_table)/(on_table b2)/(no_destroyed b3)
Execute: (pick_up_from_table b3)

If holds: (no_detonated b2)/(clear b2)/(no_destroyed b5)/(holding b3)/(no_detonated b5)/(on_table b4)/(no_detonated b3)/(no_detonated b1)/(no_destroyed b2)/(clear b3)/(clear b4)/(on b5 b1)/(clear b5)/(no_destroyed b4)/(no_detonated b4)/(on_table b1)/(no_destroyed_table)/(on_table b2)/(no_destroyed b3)/(no_destroyed b1)
Execute: (put_on_block_nodet b3 b4)

If holds: (no_detonated b2)/(clear b2)/(no_destroyed b5)/(holding b3)/(on_table b4)/(no_detonated b3)/(no_detonated b1)/(no_destroyed b2)/(clear b3)/(clear b4)/(on b5 b1)/(detonated b5)/(clear b5)/(no_destroyed b4)/(no_detonated b4)/(on_table b1)/(no_destroyed_table)/(on_table b2)/(no_destroyed b3)
Execute: (put_on_block_nodet b3 b4)

If holds: (clear b2)/(no_destroyed b5)/(no_detonated b5)/(on_table b4)/(no_detonated b3)/(no_detonated b1)/(no_destroyed b2)/(clear b3)/(detonated b2)/(emptyhand)/(on_table b3)/(clear b5)/(no_destroyed b4)/(no_detonated b4)/(on_table b1)/(on b5 b4)/(clear b1)/(on_table b2)/(no_destroyed b3)/(no_destroyed b1)
Execute: (pick_up b5 b4)

If holds: (clear b2)/(no_destroyed b5)/(no_detonated b5)/(on_table b4)/(holding b5)/(no_detonated b3)/(no_detonated b1)/(no_destroyed b2)/(clear b3)/(clear b4)/(detonated b2)/(on_table b3)/(clear b5)/(no_destroyed b4)/(no_detonated b4)/(on_table b1)/(clear b1)/(on_table b2)/(no_destroyed b3)/(no_destroyed b1)
Execute: (put_on_block_nodet b5 b1)

If holds: (clear b2)/(no_destroyed b5)/(on_table b4)/(no_detonated b3)/(no_detonated b1)/(no_destroyed b2)/(clear b3)/(clear b4)/(on b5 b1)/(detonated b5)/(detonated b2)/(emptyhand)/(on_table b3)/(clear b5)/(no_destroyed b4)/(no_detonated b4)/(on_table b1)/(on_table b2)/(no_destroyed b3)
Execute: (pick_up_from_table b3)

If holds: (clear b2)/(no_destroyed b5)/(holding b3)/(on_table b4)/(no_detonated b3)/(no_detonated b1)/(no_destroyed b2)/(clear b3)/(clear b4)/(on b5 b1)/(detonated b5)/(detonated b2)/(clear b5)/(no_destroyed b4)/(no_detonated b4)/(on_table b1)/(on_table b2)/(no_destroyed b3)
Execute: (put_on_block_nodet b3 b4)

If holds: (clear b2)/(no_destroyed b5)/(no_detonated b5)/(on_table b4)/(no_detonated b3)/(no_detonated b1)/(no_destroyed b2)/(clear b3)/(clear b4)/(on b5 b1)/(detonated b2)/(emptyhand)/(on_table b3)/(clear b5)/(no_destroyed b4)/(no_detonated b4)/(on_table b1)/(on_table b2)/(no_destroyed b3)/(no_destroyed b1)
Execute: (pick_up_from_table b3)

If holds: (clear b2)/(no_destroyed b5)/(holding b3)/(no_detonated b5)/(on_table b4)/(no_detonated b3)/(no_detonated b1)/(no_destroyed b2)/(clear b3)/(clear b4)/(on b5 b1)/(detonated b2)/(clear b5)/(no_destroyed b4)/(no_detonated b4)/(on_table b1)/(on_table b2)/(no_destroyed b3)/(no_destroyed b1)
Execute: (put_on_block_nodet b3 b4)

