If holds: (free n3)/(free n2)/(free ng)/(truck_at n0)/(tire_at t1 n0)/(not_flattire)/(free n1)/(free n0)/(car_at n0)
Execute: (loadtire n0 t1)

If holds: (free n3)/(car_at n0)/(free n2)/(free ng)/(truck_at n0)/(loaded t1)/(free n1)/(free n0)/(not_flattire)
Execute: (move_truck n0 n1)

If holds: (free n3)/(truck_at n1)/(free n2)/(free ng)/(not_flattire)/(loaded t1)/(free n0)/(car_at n0)
Execute: (droptire n1 t1)

If holds: (free n3)/(truck_at n1)/(free n2)/(car_at n0)/(free ng)/(tire_at t1 n1)/(free n0)/(not_flattire)
Execute: (move_truck_to_initial n1 n0)

If holds: (free n3)/(free n2)/(free ng)/(truck_at n0)/(not_flattire)/(free n1)/(tire_at t1 n1)/(free n0)/(car_at n0)
Execute: (move_car_spiky n0 n1)

If holds: (free n3)/(free n2)/(truck_at n0)/(free ng)/(car_at n1)/(tire_at t1 n1)/(free n0)/(not_flattire_0)
Execute: (fix n1 t1)

If holds: (free n3)/(free n2)/(car_at n1)/(truck_at n0)/(free ng)/(free n0)/(not_flattire)
Execute: (move_car_normal n1 n2)

If holds: (free n3)/(car_at n2)/(truck_at n0)/(free ng)/(free n1)/(free n0)/(not_flattire)
Execute: (move_truck n0 n1)

If holds: (free n3)/(car_at n2)/(truck_at n1)/(free ng)/(free n0)/(not_flattire)
Execute: (move_car_normal n2 n3)

If holds: (truck_at n1)/(free n2)/(car_at n3)/(free ng)/(free n0)/(not_flattire)
Execute: (move_truck_to_initial n1 n0)

If holds: (not_flattire)/(free n2)/(free ng)/(truck_at n0)/(free n1)/(free n0)/(car_at n3)
Execute: (move_car_normal n3 ng)

If holds: (free n3)/(free n2)/(truck_at n0)/(free ng)/(car_at n1)/(tire_at t1 n1)/(free n0)/(not_flattire)
Execute: (move_car_normal n1 n2)

If holds: (free n3)/(car_at n2)/(truck_at n0)/(free ng)/(free n1)/(tire_at t1 n1)/(free n0)/(not_flattire)
Execute: (move_car_normal n2 n3)

If holds: (free n2)/(car_at n3)/(truck_at n0)/(free ng)/(tire_at t1 n1)/(free n1)/(free n0)/(not_flattire)
Execute: (move_car_normal n3 ng)

