If holds: (free n1)/(free n2)/(tire_at t1 n0)/(truck_at n0)/(free n0)/(not_flattire)/(free ng)/(car_at n0)/(free n3)
Execute: (loadtire n0 t1)

If holds: (free n1)/(free n2)/(truck_at n0)/(free n0)/(not_flattire)/(free ng)/(loaded t1)/(car_at n0)/(free n3)
Execute: (move_truck n0 n1)

If holds: (free n2)/(free n0)/(not_flattire)/(free ng)/(loaded t1)/(car_at n0)/(truck_at n1)/(free n3)
Execute: (droptire n1 t1)

If holds: (not_flattire)/(free ng)/(tire_at t1 n1)/(free n2)/(car_at n0)/(truck_at n1)/(free n0)/(free n3)
Execute: (move_truck_to_initial n1 n0)

If holds: (free n1)/(free n2)/(truck_at n0)/(free n0)/(not_flattire)/(free ng)/(tire_at t1 n1)/(car_at n0)/(free n3)
Execute: (move_car_spiky n0 n1)

If holds: (free n2)/(truck_at n0)/(free n0)/(not_flattire)/(free ng)/(tire_at t1 n1)/(car_at n1)/(free n3)
Execute: (move_car_normal n1 n2)

If holds: (not_flattire)/(free ng)/(free n1)/(tire_at t1 n1)/(car_at n2)/(truck_at n0)/(free n0)/(free n3)
Execute: (move_truck n0 n1)

If holds: (free n2)/(not_flattire_0)/(truck_at n0)/(free n0)/(free ng)/(tire_at t1 n1)/(car_at n1)/(free n3)
Execute: (fix n1 t1)

If holds: (not_flattire)/(free ng)/(free n2)/(car_at n1)/(truck_at n0)/(free n0)/(free n3)
Execute: (move_car_normal n1 n2)

If holds: (not_flattire)/(free ng)/(free n1)/(car_at n2)/(truck_at n0)/(free n0)/(free n3)
Execute: (move_car_normal n2 n3)

If holds: (not_flattire)/(free ng)/(car_at n2)/(tire_at t1 n1)/(truck_at n1)/(free n0)/(free n3)
Execute: (move_car_normal n2 n3)

If holds: (not_flattire)/(free ng)/(tire_at t1 n1)/(free n2)/(truck_at n1)/(free n0)/(car_at n3)
Execute: (move_car_normal n3 ng)

If holds: (free n1)/(not_flattire)/(free ng)/(free n2)/(truck_at n0)/(free n0)/(car_at n3)
Execute: (move_car_normal n3 ng)

