If holds: (spare_in n18)/(spare_in n2)/(spare_in n20)/(spare_in n11)/(spare_in n7)/(spare_in n5)/(spare_in n9)/(spare_in n17)/(vehicle_at n25)/(spare_in n0)/(spare_in n24)/(spare_in n15)/(not_flattire)/(spare_in n23)/(spare_in n16)/(spare_in n8)/(spare_in n4)/(spare_in n28)
Execute: (move_car n25 n7)

If holds: (spare_in n2)/(spare_in n20)/(spare_in n11)/(spare_in n7)/(spare_in n5)/(spare_in n17)/(spare_in n24)/(spare_in n15)/(spare_in n23)/(vehicle_at n7)/(spare_in n16)/(spare_in n8)/(spare_in n4)/(spare_in n18)/(spare_in n9)/(spare_in n0)/(spare_in n28)
Execute: (loadtire n7)

If holds: (spare_in n2)/(spare_in n20)/(spare_in n11)/(spare_in n5)/(spare_in n17)/(spare_in n24)/(spare_in n15)/(spare_in n23)/(vehicle_at n7)/(spare_in n16)/(spare_in n8)/(spare_in n4)/(spare_in n18)/(spare_in n9)/(spare_in n0)/(hasspare)/(spare_in n28)
Execute: (changetire)

If holds: (spare_in n2)/(spare_in n20)/(spare_in n11)/(spare_in n5)/(spare_in n17)/(spare_in n24)/(spare_in n15)/(spare_in n23)/(vehicle_at n7)/(spare_in n16)/(spare_in n8)/(spare_in n4)/(spare_in n18)/(spare_in n9)/(spare_in n0)/(not_flattire)/(spare_in n28)
Execute: (move_car n7 n28)

If holds: (spare_in n2)/(spare_in n20)/(spare_in n11)/(spare_in n5)/(spare_in n17)/(vehicle_at n28)/(spare_in n24)/(spare_in n15)/(spare_in n23)/(spare_in n16)/(spare_in n8)/(spare_in n4)/(spare_in n18)/(spare_in n9)/(spare_in n0)/(not_flattire)/(spare_in n28)
Execute: (move_car n28 n22)

If holds: (spare_in n18)/(spare_in n2)/(spare_in n20)/(spare_in n11)/(spare_in n5)/(spare_in n9)/(spare_in n17)/(spare_in n0)/(spare_in n24)/(spare_in n15)/(vehicle_at n28)/(spare_in n23)/(spare_in n16)/(spare_in n8)/(spare_in n4)/(spare_in n28)
Execute: (loadtire n28)

If holds: (spare_in n18)/(spare_in n2)/(spare_in n20)/(spare_in n11)/(spare_in n5)/(spare_in n9)/(spare_in n17)/(vehicle_at n28)/(spare_in n24)/(spare_in n15)/(spare_in n0)/(spare_in n23)/(spare_in n16)/(hasspare)/(spare_in n8)/(spare_in n4)
Execute: (changetire)

If holds: (spare_in n18)/(spare_in n2)/(spare_in n20)/(spare_in n11)/(spare_in n5)/(spare_in n9)/(spare_in n17)/(vehicle_at n28)/(spare_in n24)/(spare_in n15)/(spare_in n0)/(not_flattire)/(spare_in n23)/(spare_in n16)/(spare_in n8)/(spare_in n4)
Execute: (move_car n28 n22)

If holds: (spare_in n2)/(spare_in n20)/(spare_in n11)/(spare_in n7)/(spare_in n5)/(spare_in n17)/(spare_in n24)/(spare_in n15)/(spare_in n23)/(vehicle_at n7)/(spare_in n16)/(spare_in n8)/(spare_in n4)/(spare_in n18)/(spare_in n9)/(spare_in n0)/(not_flattire)/(spare_in n28)
Execute: (move_car n7 n28)

If holds: (spare_in n2)/(spare_in n20)/(spare_in n11)/(spare_in n7)/(spare_in n5)/(spare_in n17)/(vehicle_at n28)/(spare_in n24)/(spare_in n15)/(spare_in n23)/(spare_in n16)/(spare_in n8)/(spare_in n4)/(spare_in n18)/(spare_in n9)/(spare_in n0)/(spare_in n28)
Execute: (loadtire n28)

If holds: (spare_in n2)/(spare_in n20)/(spare_in n11)/(spare_in n7)/(spare_in n5)/(spare_in n17)/(vehicle_at n28)/(spare_in n24)/(spare_in n15)/(spare_in n23)/(spare_in n16)/(spare_in n8)/(spare_in n4)/(spare_in n18)/(spare_in n9)/(spare_in n0)/(hasspare)
Execute: (changetire)

If holds: (spare_in n2)/(spare_in n20)/(spare_in n11)/(spare_in n7)/(spare_in n5)/(spare_in n17)/(vehicle_at n28)/(spare_in n24)/(spare_in n15)/(spare_in n23)/(spare_in n16)/(spare_in n8)/(spare_in n4)/(spare_in n18)/(spare_in n9)/(spare_in n0)/(not_flattire)
Execute: (move_car n28 n22)

If holds: (spare_in n2)/(spare_in n20)/(spare_in n11)/(spare_in n7)/(spare_in n5)/(spare_in n17)/(vehicle_at n28)/(spare_in n24)/(spare_in n15)/(spare_in n23)/(spare_in n16)/(spare_in n8)/(spare_in n4)/(spare_in n18)/(spare_in n9)/(spare_in n0)/(not_flattire)/(spare_in n28)
Execute: (move_car n28 n22)

