If holds: (free n0)/(free n2)/(car_at n0)/(truck_at n0)/(free n1)/(free ng)/(not_flattire)/(tire_at t1 n0)
Execute: (loadtire n0 t1)

If holds: (loaded t1)/(free n0)/(free n1)/(free n2)/(car_at n0)/(truck_at n0)/(not_flattire)/(free ng)
Execute: (move_truck n0 n1)

If holds: (loaded t1)/(truck_at n1)/(free n0)/(free n2)/(car_at n0)/(not_flattire)/(free ng)
Execute: (droptire n1 t1)

If holds: (truck_at n1)/(free n0)/(tire_at t1 n1)/(free n2)/(car_at n0)/(not_flattire)/(free ng)
Execute: (move_truck_to_initial n1 n0)

If holds: (free n0)/(free n2)/(car_at n0)/(truck_at n0)/(free n1)/(free ng)/(not_flattire)/(tire_at t1 n1)
Execute: (move_car_spiky n0 n1)

If holds: (free n0)/(tire_at t1 n1)/(free n2)/(truck_at n0)/(not_flattire)/(free ng)/(car_at n1)
Execute: (move_car_normal n1 n2)

If holds: (free n0)/(tire_at t1 n1)/(free n1)/(car_at n2)/(truck_at n0)/(not_flattire)/(free ng)
Execute: (move_car_normal n2 ng)

If holds: (free n0)/(tire_at t1 n1)/(free n2)/(truck_at n0)/(car_at n1)/(free ng)/(not_flattire_0)
Execute: (fix n1 t1)

If holds: (free n0)/(free n2)/(not_flattire)/(truck_at n0)/(car_at n1)/(free ng)
Execute: (move_car_normal n1 n2)

If holds: (free n0)/(free n1)/(car_at n2)/(truck_at n0)/(not_flattire)/(free ng)
Execute: (move_car_normal n2 ng)

