If holds: (coin_at c2 f2 p2)/(in e1 f3)/(coin_at c3 f1 p4)/(coin_at c1 f1 p2)/(at_ f1 p1)/(in e2 f3)
Execute: (move_right_nogate f1 p1 p2)

If holds: (coin_at c1 f1 p2)/(at_ f1 p2)/(coin_at c2 f2 p2)/(in e2 f3)/(in e1 f3)/(coin_at c3 f1 p4)
Execute: (move_right_nogate f1 p2 p3)

If holds: (coin_at c1 f1 p2)/(coin_at c2 f2 p2)/(at_ f1 p3)/(in e2 f3)/(in e1 f3)/(coin_at c3 f1 p4)
Execute: (move_right_nogate f1 p3 p4)

If holds: (coin_at c1 f1 p2)/(coin_at c2 f2 p2)/(at_ f1 p4)/(in e2 f3)/(in e1 f3)/(coin_at c3 f1 p4)
Execute: (go_down e1 f3 f2)

If holds: (coin_at c1 f1 p2)/(coin_at c2 f2 p2)/(at_ f1 p4)/(in e1 f2)/(in e2 f3)/(coin_at c3 f1 p4)
Execute: (collect c3 f1 p4)

If holds: (coin_at c1 f1 p2)/(in e2 f3)/(coin_at c2 f2 p2)/(have c3)/(at_ f1 p4)/(in e1 f2)
Execute: (move_left_nogate f1 p4 p3)

If holds: (coin_at c1 f1 p2)/(in e2 f3)/(coin_at c2 f2 p2)/(at_ f1 p3)/(have c3)/(in e1 f2)
Execute: (move_left_nogate f1 p3 p2)

If holds: (coin_at c1 f1 p2)/(at_ f1 p2)/(in e2 f3)/(coin_at c2 f2 p2)/(have c3)/(in e1 f2)
Execute: (collect c1 f1 p2)

If holds: (at_ f1 p2)/(in e2 f3)/(coin_at c2 f2 p2)/(have c1)/(have c3)/(in e1 f2)
Execute: (go_down e1 f2 f1)

If holds: (at_ f1 p2)/(coin_at c2 f2 p2)/(have c1)/(have c3)/(in e1 f1)/(in e2 f3)
Execute: (step_in e1 f1 p2)

If holds: (inside e1)/(coin_at c2 f2 p2)/(have c1)/(have c3)/(in e1 f1)/(in e2 f3)
Execute: (go_up e1 f1 f2)

If holds: (inside e1)/(coin_at c2 f2 p2)/(have c1)/(have c3)/(in e1 f2)/(in e2 f3)
Execute: (step_out e1 f2 p2)

If holds: (in e2 f3)/(coin_at c2 f2 p2)/(have c1)/(at_ f2 p2)/(have c3)/(in e1 f2)
Execute: (collect c2 f2 p2)

