If holds: (free ng)/(car_at n0)/(free n0)/(tire_at t3 n0)/(tire_at t2 n0)/(truck_at n0)/(tire_at t1 n0)/(free n2)/(tire_at t4 n0)/(free n1)/(not_flattire)
Execute: (loadtire n0 t4)

If holds: (free ng)/(car_at n0)/(free n0)/(tire_at t3 n0)/(tire_at t2 n0)/(loaded t4)/(truck_at n0)/(tire_at t1 n0)/(free n2)/(free n1)/(not_flattire)
Execute: (move_truck n0 n1)

If holds: (free ng)/(car_at n0)/(free n0)/(tire_at t3 n0)/(tire_at t2 n0)/(truck_at n1)/(loaded t4)/(tire_at t1 n0)/(free n2)/(not_flattire)
Execute: (move_truck n1 n2)

If holds: (free ng)/(car_at n0)/(free n0)/(tire_at t3 n0)/(truck_at n2)/(tire_at t2 n0)/(loaded t4)/(tire_at t1 n0)/(free n1)/(not_flattire)
Execute: (droptire n2 t4)

If holds: (free ng)/(car_at n0)/(free n0)/(tire_at t4 n2)/(tire_at t3 n0)/(truck_at n2)/(tire_at t2 n0)/(tire_at t1 n0)/(free n1)/(not_flattire)
Execute: (move_truck n2 n1)

If holds: (free ng)/(car_at n0)/(free n0)/(tire_at t4 n2)/(tire_at t3 n0)/(tire_at t2 n0)/(truck_at n1)/(tire_at t1 n0)/(free n2)/(not_flattire)
Execute: (move_truck_to_initial n1 n0)

If holds: (free ng)/(car_at n0)/(free n0)/(tire_at t4 n2)/(tire_at t3 n0)/(tire_at t2 n0)/(truck_at n0)/(tire_at t1 n0)/(free n2)/(free n1)/(not_flattire)
Execute: (move_car_normal n0 n1)

If holds: (free ng)/(free n0)/(tire_at t4 n2)/(tire_at t3 n0)/(tire_at t2 n0)/(truck_at n0)/(tire_at t1 n0)/(free n2)/(car_at n1)/(not_flattire)
Execute: (move_car_spiky n1 n2)

If holds: (free ng)/(free n0)/(tire_at t4 n2)/(tire_at t3 n0)/(tire_at t2 n0)/(truck_at n0)/(tire_at t1 n0)/(car_at n2)/(not_flattire_0)/(free n1)
Execute: (fix n2 t4)

If holds: (free ng)/(free n0)/(tire_at t3 n0)/(tire_at t2 n0)/(truck_at n0)/(tire_at t1 n0)/(car_at n2)/(free n1)/(not_flattire)
Execute: (move_car_normal n2 ng)

If holds: (free ng)/(free n0)/(tire_at t4 n2)/(tire_at t3 n0)/(tire_at t2 n0)/(truck_at n0)/(tire_at t1 n0)/(car_at n2)/(free n1)/(not_flattire)
Execute: (move_car_normal n2 ng)

