If holds: (tire_at t1 n0)/(free n3)/(free ng)/(truck_at n0)/(tire_at t4 n0)/(free n0)/(car_at n0)/(not_flattire)/(free n1)/(tire_at t3 n0)/(tire_at t2 n0)/(free n2)
Execute: (loadtire n0 t4)

If holds: (tire_at t1 n0)/(free n3)/(free ng)/(truck_at n0)/(loaded t4)/(free n0)/(car_at n0)/(not_flattire)/(free n1)/(tire_at t3 n0)/(tire_at t2 n0)/(free n2)
Execute: (move_truck n0 n1)

If holds: (tire_at t1 n0)/(free n3)/(free ng)/(loaded t4)/(free n0)/(car_at n0)/(not_flattire)/(tire_at t3 n0)/(tire_at t2 n0)/(free n2)/(truck_at n1)
Execute: (move_truck n1 n2)

If holds: (free n3)/(tire_at t1 n0)/(free ng)/(loaded t4)/(free n0)/(car_at n0)/(not_flattire)/(tire_at t3 n0)/(truck_at n2)/(tire_at t2 n0)/(free n1)
Execute: (droptire n2 t4)

If holds: (free n3)/(tire_at t1 n0)/(free ng)/(tire_at t4 n2)/(free n0)/(car_at n0)/(not_flattire)/(tire_at t3 n0)/(truck_at n2)/(tire_at t2 n0)/(free n1)
Execute: (move_truck n2 n1)

If holds: (free n3)/(tire_at t1 n0)/(free ng)/(tire_at t4 n2)/(free n0)/(car_at n0)/(not_flattire)/(tire_at t3 n0)/(tire_at t2 n0)/(free n2)/(truck_at n1)
Execute: (move_truck_to_initial n1 n0)

If holds: (free n3)/(tire_at t1 n0)/(free ng)/(tire_at t4 n2)/(truck_at n0)/(free n0)/(car_at n0)/(not_flattire)/(tire_at t3 n0)/(free n1)/(tire_at t2 n0)/(free n2)
Execute: (move_car_normal n0 n1)

If holds: (free n3)/(tire_at t1 n0)/(car_at n1)/(free ng)/(tire_at t4 n2)/(truck_at n0)/(free n0)/(not_flattire)/(tire_at t3 n0)/(tire_at t2 n0)/(free n2)
Execute: (move_car_spiky n1 n2)

If holds: (free n3)/(tire_at t1 n0)/(free ng)/(tire_at t4 n2)/(truck_at n0)/(free n0)/(not_flattire)/(tire_at t3 n0)/(free n1)/(tire_at t2 n0)/(car_at n2)
Execute: (move_car_normal n2 n3)

If holds: (tire_at t1 n0)/(free ng)/(tire_at t4 n2)/(truck_at n0)/(free n0)/(not_flattire)/(tire_at t3 n0)/(free n1)/(tire_at t2 n0)/(free n2)/(car_at n3)
Execute: (move_car_normal n3 ng)

If holds: (free n3)/(tire_at t1 n0)/(free ng)/(tire_at t4 n2)/(truck_at n0)/(free n0)/(tire_at t3 n0)/(free n1)/(tire_at t2 n0)/(not_flattire_0)/(car_at n2)
Execute: (fix n2 t4)

If holds: (free n3)/(tire_at t1 n0)/(free ng)/(truck_at n0)/(free n0)/(not_flattire)/(tire_at t3 n0)/(free n1)/(tire_at t2 n0)/(car_at n2)
Execute: (move_car_normal n2 n3)

If holds: (tire_at t1 n0)/(free ng)/(truck_at n0)/(free n0)/(not_flattire)/(tire_at t3 n0)/(free n1)/(tire_at t2 n0)/(free n2)/(car_at n3)
Execute: (move_car_normal n3 ng)

