If holds: (free n1)/(free n0)/(free n2)/(free ng)/(car_at n0)/(truck_at n0)/(tire_at t1 n0)/(not_flattire)
Execute: (loadtire n0 t1)

If holds: (free n1)/(truck_at n0)/(car_at n0)/(free n0)/(not_flattire)/(loaded t1)/(free ng)/(free n2)
Execute: (move_truck n0 n1)

If holds: (truck_at n1)/(free ng)/(free n0)/(not_flattire)/(loaded t1)/(car_at n0)/(free n2)
Execute: (droptire n1 t1)

If holds: (truck_at n1)/(car_at n0)/(tire_at t1 n1)/(free n0)/(not_flattire)/(free ng)/(free n2)
Execute: (move_truck_to_initial n1 n0)

If holds: (free n1)/(tire_at t1 n1)/(free n0)/(free n2)/(free ng)/(car_at n0)/(truck_at n0)/(not_flattire)
Execute: (move_car_spiky n0 n1)

If holds: (truck_at n0)/(car_at n1)/(tire_at t1 n1)/(free n0)/(not_flattire_0)/(free ng)/(free n2)
Execute: (fix n1 t1)

If holds: (truck_at n0)/(car_at n1)/(tire_at t1 n1)/(free n0)/(not_flattire)/(free ng)/(free n2)
Execute: (move_car_normal n1 n2)

If holds: (free n1)/(car_at n2)/(truck_at n0)/(tire_at t1 n1)/(free n0)/(not_flattire)/(free ng)
Execute: (move_car_normal n2 ng)

If holds: (truck_at n0)/(car_at n1)/(free n0)/(not_flattire)/(free ng)/(free n2)
Execute: (move_car_normal n1 n2)

If holds: (free n1)/(car_at n2)/(truck_at n0)/(free n0)/(not_flattire)/(free ng)
Execute: (move_car_normal n2 ng)

