If holds: (free ng)/(tire_at t1 n0)/(free n0)/(car_at n0)/(not_flattire)/(free n1)/(truck_at n0)/(free n2)
Execute: (loadtire n0 t1)

If holds: (free ng)/(car_at n0)/(not_flattire)/(loaded t1)/(free n1)/(truck_at n0)/(free n2)/(free n0)
Execute: (move_truck n0 n1)

If holds: (free ng)/(loaded t1)/(car_at n0)/(not_flattire)/(free n2)/(truck_at n1)/(free n0)
Execute: (droptire n1 t1)

If holds: (tire_at t1 n1)/(free ng)/(car_at n0)/(not_flattire)/(free n2)/(truck_at n1)/(free n0)
Execute: (move_truck_to_initial n1 n0)

If holds: (free ng)/(tire_at t1 n1)/(free n0)/(car_at n0)/(not_flattire)/(free n1)/(truck_at n0)/(free n2)
Execute: (move_car_spiky n0 n1)

If holds: (free ng)/(car_at n1)/(truck_at n0)/(free n2)/(tire_at t1 n1)/(not_flattire_0)/(free n0)
Execute: (fix n1 t1)

If holds: (free ng)/(not_flattire)/(car_at n1)/(truck_at n0)/(free n2)/(free n0)
Execute: (move_car_normal n1 n2)

If holds: (free ng)/(not_flattire)/(free n1)/(truck_at n0)/(car_at n2)/(free n0)
Execute: (move_car_normal n2 ng)

If holds: (free ng)/(not_flattire)/(car_at n1)/(truck_at n0)/(free n2)/(tire_at t1 n1)/(free n0)
Execute: (move_car_normal n1 n2)

If holds: (free ng)/(not_flattire)/(free n1)/(truck_at n0)/(tire_at t1 n1)/(car_at n2)/(free n0)
Execute: (move_car_normal n2 ng)

