If holds: (on_table b1)/(clear b3)/(clear b4)/(on b5 b1)/(on_table b3)/(on b4 b2)/(on_table b2)/(clear b5)/(emptyhand)
Execute: (init_pick_up b4 b2)

If holds: (on_table b2)/(clear b3)/(on_table b1)/(clear b2)/(on b5 b1)/(clear b5)/(on_table b3)/(at_ b4 l0)
Execute: (move b4 l0 l1)

If holds: (on_table b2)/(clear b3)/(on_table b1)/(clear b2)/(on b5 b1)/(at_ b4 l1)/(clear b5)/(on_table b3)
Execute: (move b4 l1 l10)

If holds: (on_table b2)/(clear b3)/(on_table b1)/(clear b2)/(on b5 b1)/(faulty b4 l10)/(clear b5)/(on_table b3)
Execute: (fix b4 l10)

If holds: (on_table b2)/(clear b3)/(on_table b1)/(clear b2)/(on b5 b1)/(faulty b4 l1)/(clear b5)/(on_table b3)
Execute: (fix b4 l1)

If holds: (at_ b4 l10)/(on_table b2)/(clear b3)/(on_table b1)/(clear b2)/(on b5 b1)/(clear b5)/(on_table b3)
Execute: (pick_up b4)

If holds: (on_table b2)/(clear b3)/(on_table b1)/(clear b2)/(on b5 b1)/(holding b4)/(clear b5)/(on_table b3)
Execute: (put_down b4)

If holds: (clear b3)/(on_table b1)/(clear b2)/(on b5 b1)/(clear b4)/(on_table b3)/(on_table b4)/(on_table b2)/(clear b5)/(emptyhand)
Execute: (init_pick_up b5 b1)

If holds: (on_table b1)/(clear b3)/(clear b2)/(clear b4)/(clear b1)/(on_table b4)/(on_table b3)/(on_table b2)/(at_ b5 l0)
Execute: (move b5 l0 l1)

If holds: (on_table b1)/(clear b3)/(clear b2)/(clear b4)/(clear b1)/(at_ b5 l1)/(on_table b4)/(on_table b3)/(on_table b2)
Execute: (move b5 l1 l10)

If holds: (on_table b1)/(clear b3)/(clear b2)/(clear b4)/(clear b1)/(faulty b5 l10)/(on_table b4)/(on_table b3)/(on_table b2)
Execute: (fix b5 l10)

If holds: (on_table b1)/(clear b3)/(clear b2)/(clear b4)/(clear b1)/(on_table b4)/(on_table b3)/(on_table b2)/(at_ b5 l10)
Execute: (pick_up b5)

If holds: (on_table b1)/(clear b3)/(clear b2)/(clear b4)/(clear b1)/(on_table b4)/(on_table b3)/(holding b5)/(on_table b2)
Execute: (put_down b5)

If holds: (on_table b1)/(clear b3)/(clear b2)/(clear b4)/(clear b1)/(faulty b5 l1)/(on_table b4)/(on_table b3)/(on_table b2)
Execute: (fix b5 l1)

