If holds: (free ng)/(free n0)/(not_flattire)/(truck_at n0)/(free n1)/(free n3)/(car_at n0)/(tire_at t1 n0)/(free n2)
Execute: (loadtire n0 t1)

If holds: (free ng)/(free n0)/(truck_at n0)/(free n1)/(free n3)/(loaded t1)/(car_at n0)/(not_flattire)/(free n2)
Execute: (move_truck n0 n1)

If holds: (free ng)/(free n0)/(truck_at n1)/(free n3)/(loaded t1)/(car_at n0)/(not_flattire)/(free n2)
Execute: (droptire n1 t1)

If holds: (free ng)/(free n0)/(truck_at n1)/(car_at n0)/(not_flattire)/(free n3)/(free n2)/(tire_at t1 n1)
Execute: (move_truck_to_initial n1 n0)

If holds: (free ng)/(free n0)/(truck_at n0)/(free n1)/(free n3)/(car_at n0)/(not_flattire)/(free n2)/(tire_at t1 n1)
Execute: (move_car_spiky n0 n1)

If holds: (free ng)/(free n0)/(car_at n1)/(truck_at n0)/(free n3)/(not_flattire)/(free n2)/(tire_at t1 n1)
Execute: (move_car_normal n1 n2)

If holds: (free ng)/(free n0)/(truck_at n0)/(car_at n2)/(free n1)/(not_flattire)/(free n3)/(tire_at t1 n1)
Execute: (move_car_normal n2 n3)

If holds: (car_at n3)/(free ng)/(free n0)/(truck_at n0)/(free n1)/(not_flattire)/(free n2)/(tire_at t1 n1)
Execute: (move_car_normal n3 ng)

If holds: (free ng)/(free n0)/(car_at n1)/(truck_at n0)/(free n3)/(not_flattire_0)/(free n2)/(tire_at t1 n1)
Execute: (fix n1 t1)

If holds: (free ng)/(free n0)/(car_at n1)/(truck_at n0)/(not_flattire)/(free n3)/(free n2)
Execute: (move_car_normal n1 n2)

If holds: (free ng)/(free n0)/(truck_at n0)/(car_at n2)/(free n1)/(not_flattire)/(free n3)
Execute: (move_car_normal n2 n3)

If holds: (car_at n3)/(free ng)/(free n0)/(truck_at n0)/(free n1)/(not_flattire)/(free n2)
Execute: (move_car_normal n3 ng)

