If holds: (spare_in n22)/(spare_in n14)/(spare_in n18)/(spare_in n1)/(not_flattire)/(spare_in n6)/(spare_in n21)/(spare_in n4)/(spare_in n20)/(spare_in n0)/(spare_in n11)/(spare_in n8)/(vehicle_at n5)/(spare_in n19)/(spare_in n9)
Execute: (move_car n5 n8)

If holds: (spare_in n22)/(spare_in n14)/(spare_in n18)/(spare_in n1)/(not_flattire)/(spare_in n6)/(spare_in n21)/(spare_in n4)/(vehicle_at n8)/(spare_in n20)/(spare_in n0)/(spare_in n11)/(spare_in n8)/(spare_in n19)/(spare_in n9)
Execute: (loadtire n8)

If holds: (spare_in n22)/(spare_in n14)/(spare_in n18)/(spare_in n1)/(not_flattire)/(spare_in n6)/(spare_in n21)/(spare_in n4)/(vehicle_at n8)/(spare_in n20)/(spare_in n0)/(spare_in n11)/(spare_in n19)/(hasspare)/(spare_in n9)
Execute: (move_car n8 n17)

If holds: (spare_in n22)/(spare_in n14)/(spare_in n18)/(spare_in n1)/(not_flattire)/(spare_in n6)/(spare_in n21)/(spare_in n4)/(vehicle_at n17)/(spare_in n20)/(spare_in n0)/(spare_in n11)/(spare_in n19)/(hasspare)/(spare_in n9)
Execute: (move_car n17 n18)

If holds: (spare_in n22)/(spare_in n14)/(spare_in n18)/(spare_in n1)/(not_flattire)/(spare_in n6)/(spare_in n21)/(spare_in n4)/(vehicle_at n18)/(spare_in n20)/(spare_in n0)/(spare_in n11)/(spare_in n19)/(hasspare)/(spare_in n9)
Execute: (move_car n18 n20)

If holds: (spare_in n22)/(spare_in n14)/(spare_in n18)/(spare_in n1)/(not_flattire)/(spare_in n6)/(spare_in n21)/(spare_in n4)/(vehicle_at n20)/(spare_in n20)/(spare_in n0)/(spare_in n11)/(spare_in n19)/(hasspare)/(spare_in n9)
Execute: (move_car n20 n22)

If holds: (vehicle_at n22)/(spare_in n22)/(spare_in n14)/(spare_in n18)/(spare_in n1)/(spare_in n6)/(spare_in n21)/(spare_in n4)/(spare_in n20)/(spare_in n0)/(spare_in n11)/(spare_in n19)/(hasspare)/(spare_in n9)
Execute: (loadtire n22)

If holds: (vehicle_at n22)/(spare_in n22)/(spare_in n14)/(spare_in n18)/(spare_in n1)/(not_flattire)/(spare_in n6)/(spare_in n21)/(spare_in n4)/(spare_in n20)/(spare_in n0)/(spare_in n11)/(spare_in n19)/(hasspare)/(spare_in n9)
Execute: (loadtire n22)

If holds: (vehicle_at n22)/(spare_in n14)/(spare_in n18)/(spare_in n1)/(not_flattire)/(spare_in n6)/(spare_in n21)/(spare_in n4)/(spare_in n20)/(spare_in n0)/(spare_in n11)/(spare_in n19)/(hasspare)/(spare_in n9)
Execute: (move_car n22 n21)

If holds: (spare_in n14)/(spare_in n18)/(spare_in n1)/(not_flattire)/(spare_in n6)/(spare_in n21)/(spare_in n4)/(vehicle_at n21)/(spare_in n20)/(spare_in n0)/(spare_in n11)/(spare_in n19)/(hasspare)/(spare_in n9)
Execute: (move_car n21 n10)

If holds: (spare_in n14)/(spare_in n18)/(spare_in n1)/(not_flattire)/(spare_in n6)/(spare_in n21)/(spare_in n4)/(vehicle_at n10)/(spare_in n20)/(spare_in n0)/(spare_in n11)/(spare_in n19)/(hasspare)/(spare_in n9)
Execute: (move_car n10 n12)

If holds: (spare_in n22)/(spare_in n14)/(spare_in n18)/(spare_in n1)/(spare_in n6)/(spare_in n21)/(spare_in n4)/(vehicle_at n8)/(spare_in n20)/(spare_in n0)/(spare_in n11)/(spare_in n8)/(spare_in n19)/(spare_in n9)
Execute: (loadtire n8)

If holds: (spare_in n14)/(spare_in n18)/(spare_in n1)/(not_flattire)/(spare_in n6)/(spare_in n21)/(spare_in n4)/(spare_in n20)/(spare_in n0)/(spare_in n11)/(vehicle_at n12)/(spare_in n19)/(hasspare)/(spare_in n9)
Execute: (move_car n12 n7)

If holds: (vehicle_at n7)/(spare_in n14)/(spare_in n18)/(spare_in n1)/(not_flattire)/(spare_in n6)/(spare_in n21)/(spare_in n4)/(spare_in n20)/(spare_in n0)/(spare_in n11)/(spare_in n19)/(hasspare)/(spare_in n9)
Execute: (move_car n7 n14)

If holds: (vehicle_at n14)/(spare_in n14)/(spare_in n18)/(spare_in n1)/(not_flattire)/(spare_in n6)/(spare_in n21)/(spare_in n4)/(spare_in n20)/(spare_in n0)/(spare_in n11)/(spare_in n19)/(hasspare)/(spare_in n9)
Execute: (move_car n14 n8)

If holds: (spare_in n14)/(spare_in n18)/(spare_in n1)/(not_flattire)/(spare_in n6)/(spare_in n21)/(spare_in n4)/(vehicle_at n8)/(spare_in n20)/(spare_in n0)/(spare_in n11)/(spare_in n19)/(hasspare)/(spare_in n9)
Execute: (move_car n8 n6)

If holds: (vehicle_at n6)/(spare_in n14)/(spare_in n18)/(spare_in n1)/(not_flattire)/(spare_in n6)/(spare_in n21)/(spare_in n4)/(spare_in n20)/(spare_in n0)/(spare_in n11)/(spare_in n19)/(hasspare)/(spare_in n9)
Execute: (loadtire n6)

If holds: (vehicle_at n6)/(spare_in n14)/(spare_in n18)/(spare_in n1)/(not_flattire)/(spare_in n21)/(spare_in n4)/(spare_in n20)/(spare_in n0)/(spare_in n11)/(spare_in n19)/(hasspare)/(spare_in n9)
Execute: (move_car n6 n8)

If holds: (spare_in n14)/(spare_in n18)/(spare_in n1)/(not_flattire)/(spare_in n21)/(spare_in n4)/(vehicle_at n8)/(spare_in n20)/(spare_in n0)/(spare_in n11)/(spare_in n19)/(hasspare)/(spare_in n9)
Execute: (move_car n8 n12)

If holds: (spare_in n14)/(spare_in n18)/(spare_in n1)/(not_flattire)/(spare_in n21)/(spare_in n4)/(spare_in n20)/(spare_in n0)/(spare_in n11)/(vehicle_at n12)/(spare_in n19)/(hasspare)/(spare_in n9)
Execute: (move_car n12 n7)

If holds: (vehicle_at n7)/(spare_in n14)/(spare_in n18)/(spare_in n1)/(not_flattire)/(spare_in n21)/(spare_in n4)/(spare_in n20)/(spare_in n0)/(spare_in n11)/(spare_in n19)/(hasspare)/(spare_in n9)
Execute: (move_car n7 n21)

If holds: (spare_in n14)/(spare_in n18)/(spare_in n1)/(not_flattire)/(spare_in n21)/(spare_in n4)/(vehicle_at n21)/(spare_in n20)/(spare_in n0)/(spare_in n11)/(spare_in n19)/(hasspare)/(spare_in n9)
Execute: (move_car n21 n13)

If holds: (spare_in n22)/(spare_in n14)/(spare_in n18)/(spare_in n1)/(spare_in n6)/(spare_in n21)/(spare_in n4)/(vehicle_at n18)/(spare_in n20)/(spare_in n0)/(spare_in n11)/(spare_in n19)/(hasspare)/(spare_in n9)
Execute: (loadtire n18)

If holds: (spare_in n14)/(spare_in n18)/(spare_in n1)/(not_flattire)/(spare_in n21)/(spare_in n4)/(vehicle_at n13)/(spare_in n20)/(spare_in n0)/(spare_in n11)/(spare_in n19)/(hasspare)/(spare_in n9)
Execute: (move_car n13 n14)

If holds: (vehicle_at n14)/(spare_in n14)/(spare_in n18)/(spare_in n1)/(not_flattire)/(spare_in n21)/(spare_in n4)/(spare_in n20)/(spare_in n0)/(spare_in n11)/(spare_in n19)/(hasspare)/(spare_in n9)
Execute: (move_car n14 n20)

If holds: (vehicle_at n20)/(spare_in n14)/(spare_in n18)/(spare_in n1)/(spare_in n21)/(spare_in n4)/(spare_in n20)/(spare_in n0)/(spare_in n11)/(spare_in n19)/(hasspare)/(spare_in n9)
Execute: (loadtire n20)

If holds: (vehicle_at n20)/(spare_in n14)/(spare_in n18)/(spare_in n1)/(not_flattire)/(spare_in n21)/(spare_in n4)/(spare_in n20)/(spare_in n0)/(spare_in n11)/(spare_in n19)/(hasspare)/(spare_in n9)
Execute: (move_car n20 n18)

If holds: (spare_in n14)/(spare_in n18)/(spare_in n1)/(spare_in n21)/(spare_in n4)/(vehicle_at n18)/(spare_in n20)/(spare_in n0)/(spare_in n11)/(spare_in n19)/(hasspare)/(spare_in n9)
Execute: (loadtire n18)

If holds: (spare_in n14)/(spare_in n18)/(spare_in n1)/(spare_in n21)/(spare_in n4)/(vehicle_at n8)/(spare_in n20)/(spare_in n0)/(spare_in n11)/(spare_in n19)/(hasspare)/(spare_in n9)
Execute: (changetire)

If holds: (vehicle_at n14)/(spare_in n14)/(spare_in n18)/(spare_in n1)/(spare_in n21)/(spare_in n4)/(spare_in n20)/(spare_in n0)/(spare_in n11)/(spare_in n19)/(hasspare)/(spare_in n9)
Execute: (loadtire n14)

If holds: (spare_in n14)/(spare_in n18)/(spare_in n1)/(not_flattire)/(spare_in n21)/(spare_in n4)/(vehicle_at n18)/(spare_in n20)/(spare_in n0)/(spare_in n11)/(spare_in n19)/(hasspare)/(spare_in n9)
Execute: (move_car n18 n21)

If holds: (vehicle_at n7)/(spare_in n14)/(spare_in n18)/(spare_in n1)/(spare_in n6)/(spare_in n21)/(spare_in n4)/(spare_in n20)/(spare_in n0)/(spare_in n11)/(spare_in n19)/(hasspare)/(spare_in n9)
Execute: (changetire)

If holds: (vehicle_at n14)/(spare_in n18)/(spare_in n1)/(spare_in n21)/(spare_in n4)/(spare_in n20)/(spare_in n0)/(spare_in n11)/(spare_in n19)/(hasspare)/(spare_in n9)
Execute: (changetire)

If holds: (vehicle_at n14)/(spare_in n14)/(spare_in n18)/(spare_in n1)/(spare_in n6)/(spare_in n21)/(spare_in n4)/(spare_in n20)/(spare_in n0)/(spare_in n11)/(spare_in n19)/(hasspare)/(spare_in n9)
Execute: (loadtire n14)

If holds: (spare_in n14)/(spare_in n18)/(spare_in n1)/(spare_in n6)/(spare_in n21)/(spare_in n4)/(vehicle_at n8)/(spare_in n20)/(spare_in n0)/(spare_in n11)/(spare_in n19)/(hasspare)/(spare_in n9)
Execute: (changetire)

If holds: (spare_in n14)/(spare_in n18)/(spare_in n1)/(spare_in n6)/(spare_in n21)/(spare_in n4)/(vehicle_at n10)/(spare_in n20)/(spare_in n0)/(spare_in n11)/(spare_in n19)/(hasspare)/(spare_in n9)
Execute: (changetire)

If holds: (spare_in n14)/(spare_in n18)/(spare_in n1)/(spare_in n6)/(spare_in n21)/(spare_in n4)/(vehicle_at n10)/(not_flattire)/(spare_in n20)/(spare_in n0)/(spare_in n11)/(spare_in n19)/(spare_in n9)
Execute: (move_car n10 n21)

If holds: (spare_in n14)/(spare_in n18)/(spare_in n1)/(spare_in n6)/(spare_in n21)/(spare_in n4)/(vehicle_at n21)/(spare_in n20)/(spare_in n0)/(spare_in n11)/(spare_in n19)/(hasspare)/(spare_in n9)
Execute: (loadtire n21)

If holds: (vehicle_at n14)/(spare_in n18)/(spare_in n1)/(not_flattire)/(spare_in n21)/(spare_in n4)/(spare_in n20)/(spare_in n0)/(spare_in n11)/(spare_in n19)/(spare_in n9)
Execute: (move_car n14 n21)

If holds: (spare_in n18)/(spare_in n1)/(not_flattire)/(spare_in n21)/(spare_in n4)/(vehicle_at n21)/(spare_in n20)/(spare_in n0)/(spare_in n11)/(spare_in n19)/(spare_in n9)
Execute: (move_car n21 n15)

If holds: (spare_in n18)/(spare_in n1)/(vehicle_at n21)/(spare_in n21)/(spare_in n4)/(spare_in n20)/(spare_in n0)/(spare_in n11)/(spare_in n19)/(spare_in n9)
Execute: (loadtire n21)

If holds: (vehicle_at n14)/(spare_in n18)/(spare_in n1)/(spare_in n6)/(spare_in n21)/(spare_in n4)/(spare_in n20)/(spare_in n0)/(spare_in n11)/(spare_in n19)/(hasspare)/(spare_in n9)
Execute: (changetire)

If holds: (spare_in n14)/(spare_in n18)/(spare_in n1)/(vehicle_at n21)/(spare_in n21)/(spare_in n4)/(spare_in n20)/(spare_in n0)/(spare_in n11)/(spare_in n19)/(hasspare)/(spare_in n9)
Execute: (loadtire n21)

If holds: (spare_in n22)/(spare_in n14)/(spare_in n18)/(spare_in n1)/(spare_in n6)/(spare_in n21)/(spare_in n4)/(vehicle_at n17)/(spare_in n20)/(spare_in n0)/(spare_in n11)/(spare_in n19)/(hasspare)/(spare_in n9)
Execute: (changetire)

If holds: (spare_in n22)/(spare_in n14)/(spare_in n18)/(spare_in n1)/(spare_in n6)/(spare_in n21)/(spare_in n4)/(vehicle_at n17)/(not_flattire)/(spare_in n20)/(spare_in n0)/(spare_in n11)/(spare_in n19)/(spare_in n9)
Execute: (move_car n17 n21)

If holds: (spare_in n22)/(spare_in n14)/(spare_in n18)/(spare_in n1)/(spare_in n6)/(spare_in n21)/(spare_in n4)/(vehicle_at n21)/(spare_in n20)/(spare_in n0)/(spare_in n11)/(spare_in n19)/(spare_in n9)
Execute: (loadtire n21)

If holds: (spare_in n22)/(spare_in n14)/(spare_in n18)/(spare_in n1)/(spare_in n6)/(vehicle_at n21)/(spare_in n4)/(spare_in n20)/(spare_in n0)/(spare_in n11)/(spare_in n19)/(hasspare)/(spare_in n9)
Execute: (changetire)

If holds: (spare_in n18)/(spare_in n1)/(vehicle_at n21)/(spare_in n4)/(spare_in n20)/(spare_in n0)/(spare_in n11)/(spare_in n19)/(hasspare)/(spare_in n9)
Execute: (changetire)

If holds: (spare_in n14)/(spare_in n18)/(spare_in n1)/(spare_in n6)/(spare_in n21)/(spare_in n4)/(vehicle_at n21)/(spare_in n20)/(spare_in n0)/(spare_in n11)/(spare_in n19)/(spare_in n9)
Execute: (loadtire n21)

If holds: (vehicle_at n22)/(spare_in n14)/(spare_in n18)/(spare_in n1)/(spare_in n6)/(spare_in n21)/(spare_in n4)/(spare_in n20)/(spare_in n0)/(spare_in n11)/(spare_in n19)/(hasspare)/(spare_in n9)
Execute: (changetire)

If holds: (vehicle_at n22)/(spare_in n14)/(spare_in n18)/(spare_in n1)/(spare_in n6)/(spare_in n21)/(spare_in n4)/(not_flattire)/(spare_in n20)/(spare_in n0)/(spare_in n11)/(spare_in n19)/(spare_in n9)
Execute: (move_car n22 n21)

If holds: (spare_in n14)/(spare_in n18)/(spare_in n1)/(vehicle_at n21)/(spare_in n4)/(spare_in n20)/(spare_in n0)/(spare_in n11)/(spare_in n19)/(hasspare)/(spare_in n9)
Execute: (changetire)

If holds: (spare_in n14)/(spare_in n18)/(spare_in n1)/(vehicle_at n21)/(not_flattire)/(spare_in n4)/(spare_in n20)/(spare_in n0)/(spare_in n11)/(spare_in n19)/(spare_in n9)
Execute: (move_car n21 n15)

If holds: (spare_in n22)/(spare_in n14)/(spare_in n18)/(spare_in n1)/(spare_in n6)/(vehicle_at n21)/(spare_in n4)/(not_flattire)/(spare_in n20)/(spare_in n0)/(spare_in n11)/(spare_in n19)/(spare_in n9)
Execute: (move_car n21 n15)

If holds: (spare_in n14)/(spare_in n18)/(spare_in n1)/(spare_in n21)/(spare_in n4)/(vehicle_at n13)/(spare_in n20)/(spare_in n0)/(spare_in n11)/(spare_in n19)/(hasspare)/(spare_in n9)
Execute: (changetire)

If holds: (spare_in n14)/(spare_in n18)/(spare_in n1)/(not_flattire)/(spare_in n21)/(spare_in n4)/(vehicle_at n13)/(spare_in n20)/(spare_in n0)/(spare_in n11)/(spare_in n19)/(spare_in n9)
Execute: (move_car n13 n21)

If holds: (spare_in n14)/(spare_in n18)/(spare_in n1)/(vehicle_at n21)/(spare_in n21)/(spare_in n4)/(spare_in n20)/(spare_in n0)/(spare_in n11)/(spare_in n19)/(spare_in n9)
Execute: (loadtire n21)

If holds: (vehicle_at n7)/(spare_in n14)/(spare_in n18)/(spare_in n1)/(spare_in n21)/(spare_in n4)/(spare_in n20)/(spare_in n0)/(spare_in n11)/(spare_in n19)/(hasspare)/(spare_in n9)
Execute: (changetire)

If holds: (spare_in n14)/(spare_in n18)/(spare_in n1)/(not_flattire)/(spare_in n21)/(spare_in n4)/(spare_in n9)/(spare_in n20)/(spare_in n0)/(spare_in n11)/(spare_in n19)/(vehicle_at n7)
Execute: (move_car n7 n15)

If holds: (spare_in n14)/(spare_in n1)/(spare_in n21)/(spare_in n4)/(vehicle_at n18)/(spare_in n20)/(spare_in n0)/(spare_in n11)/(spare_in n19)/(hasspare)/(spare_in n9)
Execute: (changetire)

If holds: (spare_in n14)/(not_flattire)/(spare_in n1)/(spare_in n21)/(spare_in n4)/(vehicle_at n18)/(spare_in n20)/(spare_in n0)/(spare_in n11)/(spare_in n19)/(spare_in n9)
Execute: (move_car n18 n21)

If holds: (spare_in n14)/(spare_in n1)/(vehicle_at n21)/(spare_in n21)/(spare_in n4)/(spare_in n20)/(spare_in n0)/(spare_in n11)/(spare_in n19)/(spare_in n9)
Execute: (loadtire n21)

If holds: (spare_in n14)/(not_flattire)/(spare_in n1)/(vehicle_at n21)/(spare_in n21)/(spare_in n4)/(spare_in n20)/(spare_in n0)/(spare_in n11)/(spare_in n19)/(spare_in n9)
Execute: (move_car n21 n15)

If holds: (spare_in n14)/(spare_in n1)/(vehicle_at n21)/(spare_in n4)/(spare_in n20)/(spare_in n0)/(spare_in n11)/(spare_in n19)/(hasspare)/(spare_in n9)
Execute: (changetire)

If holds: (spare_in n14)/(not_flattire)/(spare_in n1)/(vehicle_at n21)/(spare_in n4)/(spare_in n20)/(spare_in n0)/(spare_in n11)/(spare_in n19)/(spare_in n9)
Execute: (move_car n21 n15)

If holds: (spare_in n22)/(spare_in n14)/(spare_in n18)/(spare_in n1)/(spare_in n6)/(spare_in n21)/(spare_in n4)/(not_flattire)/(vehicle_at n21)/(spare_in n20)/(spare_in n0)/(spare_in n11)/(spare_in n19)/(spare_in n9)
Execute: (move_car n21 n15)

If holds: (spare_in n14)/(spare_in n18)/(spare_in n1)/(spare_in n21)/(spare_in n4)/(spare_in n20)/(spare_in n0)/(spare_in n11)/(vehicle_at n12)/(spare_in n19)/(hasspare)/(spare_in n9)
Execute: (changetire)

If holds: (spare_in n22)/(spare_in n14)/(spare_in n6)/(spare_in n1)/(spare_in n21)/(spare_in n4)/(vehicle_at n18)/(spare_in n20)/(spare_in n0)/(spare_in n11)/(spare_in n19)/(hasspare)/(spare_in n9)
Execute: (changetire)

If holds: (spare_in n22)/(spare_in n14)/(spare_in n18)/(spare_in n1)/(spare_in n6)/(spare_in n21)/(spare_in n4)/(vehicle_at n20)/(spare_in n20)/(spare_in n0)/(spare_in n11)/(spare_in n19)/(hasspare)/(spare_in n9)
Execute: (loadtire n20)

If holds: (spare_in n14)/(spare_in n18)/(spare_in n1)/(spare_in n6)/(vehicle_at n21)/(spare_in n4)/(spare_in n20)/(spare_in n0)/(spare_in n11)/(spare_in n19)/(hasspare)/(spare_in n9)
Execute: (changetire)

If holds: (spare_in n14)/(spare_in n18)/(spare_in n1)/(spare_in n6)/(vehicle_at n21)/(spare_in n4)/(not_flattire)/(spare_in n20)/(spare_in n0)/(spare_in n11)/(spare_in n19)/(spare_in n9)
Execute: (move_car n21 n15)

If holds: (spare_in n22)/(spare_in n14)/(spare_in n18)/(spare_in n1)/(spare_in n6)/(spare_in n21)/(spare_in n4)/(vehicle_at n8)/(spare_in n20)/(spare_in n0)/(spare_in n11)/(spare_in n19)/(hasspare)/(spare_in n9)
Execute: (changetire)

If holds: (spare_in n22)/(spare_in n14)/(spare_in n18)/(spare_in n1)/(spare_in n6)/(spare_in n21)/(spare_in n4)/(not_flattire)/(vehicle_at n8)/(spare_in n20)/(spare_in n0)/(spare_in n11)/(spare_in n19)/(spare_in n9)
Execute: (move_car n8 n0)

If holds: (spare_in n22)/(spare_in n14)/(spare_in n18)/(spare_in n1)/(spare_in n6)/(spare_in n21)/(spare_in n4)/(not_flattire)/(spare_in n20)/(spare_in n0)/(spare_in n11)/(spare_in n19)/(vehicle_at n0)/(spare_in n9)
Execute: (move_car n0 n15)

If holds: (spare_in n22)/(spare_in n14)/(spare_in n18)/(spare_in n1)/(spare_in n6)/(spare_in n21)/(spare_in n4)/(spare_in n20)/(spare_in n0)/(spare_in n11)/(spare_in n19)/(vehicle_at n0)/(spare_in n9)
Execute: (loadtire n0)

If holds: (spare_in n22)/(spare_in n14)/(spare_in n18)/(spare_in n1)/(spare_in n6)/(spare_in n21)/(spare_in n4)/(spare_in n20)/(spare_in n11)/(spare_in n19)/(vehicle_at n0)/(hasspare)/(spare_in n9)
Execute: (changetire)

If holds: (spare_in n22)/(spare_in n14)/(spare_in n18)/(spare_in n1)/(spare_in n6)/(spare_in n21)/(spare_in n4)/(not_flattire)/(spare_in n20)/(spare_in n11)/(spare_in n19)/(vehicle_at n0)/(spare_in n9)
Execute: (move_car n0 n15)

If holds: (spare_in n14)/(spare_in n18)/(spare_in n1)/(spare_in n6)/(spare_in n21)/(spare_in n4)/(not_flattire)/(vehicle_at n21)/(spare_in n20)/(spare_in n0)/(spare_in n11)/(spare_in n19)/(spare_in n9)
Execute: (move_car n21 n15)

If holds: (vehicle_at n14)/(spare_in n18)/(spare_in n1)/(spare_in n6)/(spare_in n21)/(spare_in n4)/(not_flattire)/(spare_in n20)/(spare_in n0)/(spare_in n11)/(spare_in n19)/(spare_in n9)
Execute: (move_car n14 n21)

If holds: (spare_in n18)/(spare_in n1)/(spare_in n6)/(spare_in n21)/(spare_in n4)/(vehicle_at n21)/(spare_in n20)/(spare_in n0)/(spare_in n11)/(spare_in n19)/(spare_in n9)
Execute: (loadtire n21)

If holds: (spare_in n18)/(spare_in n1)/(spare_in n6)/(vehicle_at n21)/(spare_in n4)/(spare_in n20)/(spare_in n0)/(spare_in n11)/(spare_in n19)/(hasspare)/(spare_in n9)
Execute: (changetire)

If holds: (spare_in n18)/(spare_in n1)/(spare_in n6)/(vehicle_at n21)/(spare_in n4)/(not_flattire)/(spare_in n20)/(spare_in n0)/(spare_in n11)/(spare_in n19)/(spare_in n9)
Execute: (move_car n21 n15)

If holds: (spare_in n18)/(spare_in n1)/(spare_in n6)/(spare_in n21)/(spare_in n4)/(not_flattire)/(vehicle_at n21)/(spare_in n20)/(spare_in n0)/(spare_in n11)/(spare_in n19)/(spare_in n9)
Execute: (move_car n21 n15)

If holds: (vehicle_at n6)/(spare_in n14)/(spare_in n18)/(spare_in n1)/(spare_in n6)/(spare_in n21)/(spare_in n4)/(spare_in n20)/(spare_in n0)/(spare_in n11)/(spare_in n19)/(hasspare)/(spare_in n9)
Execute: (loadtire n6)

If holds: (vehicle_at n6)/(spare_in n14)/(spare_in n18)/(spare_in n1)/(spare_in n21)/(spare_in n4)/(spare_in n20)/(spare_in n0)/(spare_in n11)/(spare_in n19)/(hasspare)/(spare_in n9)
Execute: (changetire)

If holds: (vehicle_at n6)/(spare_in n14)/(spare_in n18)/(spare_in n1)/(not_flattire)/(spare_in n21)/(spare_in n4)/(spare_in n20)/(spare_in n0)/(spare_in n11)/(spare_in n19)/(spare_in n9)
Execute: (move_car n6 n15)

If holds: (spare_in n14)/(spare_in n18)/(spare_in n1)/(not_flattire)/(spare_in n21)/(spare_in n4)/(vehicle_at n21)/(spare_in n20)/(spare_in n0)/(spare_in n11)/(spare_in n19)/(spare_in n9)
Execute: (move_car n21 n15)

If holds: (spare_in n14)/(spare_in n18)/(spare_in n1)/(not_flattire)/(spare_in n21)/(spare_in n4)/(spare_in n20)/(spare_in n0)/(spare_in n11)/(vehicle_at n12)/(spare_in n19)/(spare_in n9)
Execute: (move_car n12 n1)

If holds: (spare_in n14)/(spare_in n18)/(spare_in n1)/(spare_in n21)/(spare_in n4)/(vehicle_at n1)/(spare_in n20)/(spare_in n0)/(spare_in n11)/(spare_in n19)/(spare_in n9)
Execute: (loadtire n1)

If holds: (spare_in n14)/(spare_in n18)/(spare_in n21)/(spare_in n4)/(vehicle_at n1)/(spare_in n20)/(spare_in n0)/(spare_in n11)/(spare_in n19)/(hasspare)/(spare_in n9)
Execute: (changetire)

If holds: (spare_in n14)/(spare_in n18)/(not_flattire)/(spare_in n21)/(spare_in n4)/(vehicle_at n1)/(spare_in n20)/(spare_in n0)/(spare_in n11)/(spare_in n19)/(spare_in n9)
Execute: (move_car n1 n15)

If holds: (spare_in n14)/(spare_in n18)/(spare_in n1)/(not_flattire)/(spare_in n21)/(spare_in n4)/(vehicle_at n1)/(spare_in n20)/(spare_in n0)/(spare_in n11)/(spare_in n19)/(spare_in n9)
Execute: (move_car n1 n15)

If holds: (spare_in n22)/(spare_in n14)/(spare_in n6)/(spare_in n1)/(not_flattire)/(spare_in n21)/(spare_in n4)/(vehicle_at n18)/(spare_in n20)/(spare_in n0)/(spare_in n11)/(spare_in n19)/(spare_in n9)
Execute: (move_car n18 n21)

If holds: (spare_in n22)/(spare_in n14)/(spare_in n6)/(spare_in n1)/(not_flattire)/(spare_in n21)/(spare_in n4)/(vehicle_at n21)/(spare_in n20)/(spare_in n0)/(spare_in n11)/(spare_in n19)/(spare_in n9)
Execute: (move_car n21 n15)

If holds: (spare_in n14)/(spare_in n18)/(spare_in n1)/(spare_in n6)/(spare_in n21)/(spare_in n4)/(spare_in n20)/(spare_in n0)/(spare_in n11)/(vehicle_at n12)/(spare_in n19)/(hasspare)/(spare_in n9)
Execute: (changetire)

If holds: (spare_in n14)/(spare_in n18)/(spare_in n1)/(spare_in n6)/(spare_in n21)/(spare_in n4)/(not_flattire)/(spare_in n20)/(spare_in n0)/(spare_in n11)/(vehicle_at n12)/(spare_in n19)/(spare_in n9)
Execute: (move_car n12 n1)

If holds: (spare_in n22)/(spare_in n14)/(spare_in n6)/(spare_in n1)/(vehicle_at n21)/(spare_in n21)/(spare_in n4)/(spare_in n20)/(spare_in n0)/(spare_in n11)/(spare_in n19)/(spare_in n9)
Execute: (loadtire n21)

If holds: (spare_in n14)/(spare_in n18)/(spare_in n1)/(spare_in n6)/(spare_in n21)/(spare_in n4)/(vehicle_at n1)/(spare_in n20)/(spare_in n0)/(spare_in n11)/(spare_in n19)/(spare_in n9)
Execute: (loadtire n1)

If holds: (spare_in n14)/(spare_in n18)/(spare_in n1)/(spare_in n6)/(spare_in n21)/(spare_in n4)/(not_flattire)/(vehicle_at n1)/(spare_in n20)/(spare_in n0)/(spare_in n11)/(spare_in n19)/(spare_in n9)
Execute: (move_car n1 n15)

If holds: (spare_in n14)/(spare_in n18)/(spare_in n6)/(spare_in n21)/(spare_in n4)/(vehicle_at n1)/(spare_in n20)/(spare_in n0)/(spare_in n11)/(spare_in n19)/(hasspare)/(spare_in n9)
Execute: (changetire)

If holds: (spare_in n14)/(spare_in n18)/(spare_in n6)/(not_flattire)/(spare_in n21)/(spare_in n4)/(vehicle_at n1)/(spare_in n20)/(spare_in n0)/(spare_in n11)/(spare_in n19)/(spare_in n9)
Execute: (move_car n1 n15)

If holds: (vehicle_at n20)/(spare_in n14)/(spare_in n18)/(spare_in n1)/(spare_in n21)/(spare_in n4)/(spare_in n0)/(spare_in n11)/(spare_in n19)/(hasspare)/(spare_in n9)
Execute: (changetire)

If holds: (vehicle_at n20)/(spare_in n14)/(spare_in n18)/(spare_in n1)/(not_flattire)/(spare_in n21)/(spare_in n4)/(spare_in n0)/(spare_in n11)/(spare_in n19)/(spare_in n9)
Execute: (move_car n20 n15)

If holds: (spare_in n14)/(spare_in n18)/(spare_in n1)/(not_flattire)/(spare_in n21)/(spare_in n4)/(vehicle_at n8)/(spare_in n20)/(spare_in n0)/(spare_in n11)/(spare_in n19)/(spare_in n9)
Execute: (move_car n8 n0)

If holds: (spare_in n14)/(spare_in n18)/(spare_in n1)/(not_flattire)/(spare_in n21)/(spare_in n4)/(spare_in n20)/(spare_in n0)/(spare_in n11)/(spare_in n19)/(vehicle_at n0)/(spare_in n9)
Execute: (move_car n0 n15)

If holds: (spare_in n22)/(spare_in n14)/(spare_in n18)/(spare_in n1)/(spare_in n6)/(spare_in n21)/(spare_in n4)/(vehicle_at n20)/(spare_in n0)/(spare_in n11)/(spare_in n19)/(hasspare)/(spare_in n9)
Execute: (changetire)

If holds: (spare_in n22)/(spare_in n14)/(spare_in n18)/(spare_in n1)/(spare_in n6)/(spare_in n21)/(spare_in n4)/(vehicle_at n20)/(not_flattire)/(spare_in n0)/(spare_in n11)/(spare_in n19)/(spare_in n9)
Execute: (move_car n20 n15)

If holds: (spare_in n18)/(spare_in n1)/(vehicle_at n21)/(not_flattire)/(spare_in n4)/(spare_in n20)/(spare_in n0)/(spare_in n11)/(spare_in n19)/(spare_in n9)
Execute: (move_car n21 n15)

If holds: (spare_in n14)/(spare_in n18)/(spare_in n1)/(spare_in n6)/(spare_in n21)/(spare_in n4)/(not_flattire)/(spare_in n9)/(spare_in n20)/(spare_in n0)/(spare_in n11)/(spare_in n19)/(vehicle_at n7)
Execute: (move_car n7 n15)

If holds: (spare_in n14)/(spare_in n18)/(spare_in n1)/(spare_in n6)/(spare_in n21)/(spare_in n4)/(not_flattire)/(vehicle_at n8)/(spare_in n20)/(spare_in n0)/(spare_in n11)/(spare_in n19)/(spare_in n9)
Execute: (move_car n8 n0)

If holds: (spare_in n14)/(spare_in n18)/(spare_in n1)/(spare_in n6)/(spare_in n21)/(spare_in n4)/(spare_in n20)/(spare_in n0)/(spare_in n11)/(spare_in n19)/(vehicle_at n0)/(spare_in n9)
Execute: (loadtire n0)

If holds: (spare_in n14)/(spare_in n18)/(spare_in n1)/(spare_in n6)/(spare_in n21)/(spare_in n4)/(not_flattire)/(spare_in n20)/(spare_in n0)/(spare_in n11)/(spare_in n19)/(vehicle_at n0)/(spare_in n9)
Execute: (move_car n0 n15)

If holds: (spare_in n14)/(spare_in n18)/(spare_in n1)/(spare_in n6)/(spare_in n21)/(spare_in n4)/(spare_in n20)/(spare_in n11)/(spare_in n19)/(vehicle_at n0)/(hasspare)/(spare_in n9)
Execute: (changetire)

If holds: (spare_in n14)/(spare_in n18)/(spare_in n1)/(spare_in n6)/(spare_in n21)/(spare_in n4)/(not_flattire)/(spare_in n20)/(spare_in n11)/(spare_in n19)/(vehicle_at n0)/(spare_in n9)
Execute: (move_car n0 n15)

If holds: (spare_in n14)/(spare_in n18)/(spare_in n1)/(spare_in n21)/(spare_in n4)/(spare_in n20)/(spare_in n0)/(spare_in n11)/(spare_in n19)/(vehicle_at n0)/(spare_in n9)
Execute: (loadtire n0)

If holds: (spare_in n14)/(spare_in n18)/(spare_in n1)/(spare_in n21)/(spare_in n4)/(spare_in n20)/(spare_in n11)/(spare_in n19)/(vehicle_at n0)/(hasspare)/(spare_in n9)
Execute: (changetire)

If holds: (spare_in n14)/(spare_in n18)/(spare_in n1)/(not_flattire)/(spare_in n21)/(spare_in n4)/(spare_in n20)/(spare_in n11)/(spare_in n19)/(vehicle_at n0)/(spare_in n9)
Execute: (move_car n0 n15)

If holds: (spare_in n22)/(spare_in n14)/(spare_in n6)/(spare_in n1)/(vehicle_at n21)/(spare_in n4)/(spare_in n20)/(spare_in n0)/(spare_in n11)/(spare_in n19)/(hasspare)/(spare_in n9)
Execute: (changetire)

If holds: (spare_in n22)/(spare_in n14)/(spare_in n6)/(spare_in n1)/(vehicle_at n21)/(not_flattire)/(spare_in n4)/(spare_in n20)/(spare_in n0)/(spare_in n11)/(spare_in n19)/(spare_in n9)
Execute: (move_car n21 n15)

