If holds: (free n3)/(free ng)/(free n0)/(truck_at n0)/(free n1)/(not_flattire)/(tire_at t1 n0)/(car_at n0)/(free n2)
Execute: (loadtire n0 t1)

If holds: (free n3)/(loaded t1)/(free ng)/(free n0)/(truck_at n0)/(free n1)/(not_flattire)/(car_at n0)/(free n2)
Execute: (move_truck n0 n1)

If holds: (free n3)/(truck_at n1)/(loaded t1)/(free ng)/(free n0)/(not_flattire)/(car_at n0)/(free n2)
Execute: (move_truck n1 n2)

If holds: (free n3)/(truck_at n2)/(not_flattire)/(free n1)/(loaded t1)/(free ng)/(car_at n0)/(free n0)
Execute: (droptire n2 t1)

If holds: (free n3)/(truck_at n2)/(not_flattire)/(free n1)/(tire_at t1 n2)/(free ng)/(car_at n0)/(free n0)
Execute: (move_truck n2 n1)

If holds: (free n3)/(truck_at n1)/(not_flattire)/(tire_at t1 n2)/(free ng)/(car_at n0)/(free n2)/(free n0)
Execute: (move_truck_to_initial n1 n0)

If holds: (free n3)/(free ng)/(free n0)/(truck_at n0)/(not_flattire)/(tire_at t1 n2)/(free n1)/(car_at n0)/(free n2)
Execute: (move_car_normal n0 n1)

If holds: (free n3)/(car_at n1)/(free ng)/(free n0)/(truck_at n0)/(not_flattire)/(tire_at t1 n2)/(free n2)
Execute: (move_car_spiky n1 n2)

If holds: (free n3)/(free n1)/(tire_at t1 n2)/(car_at n2)/(not_flattire_0)/(free ng)/(free n0)/(truck_at n0)
Execute: (fix n2 t1)

If holds: (free n3)/(car_at n2)/(free n1)/(not_flattire)/(free ng)/(free n0)/(truck_at n0)
Execute: (move_car_normal n2 n3)

If holds: (car_at n3)/(not_flattire)/(free n1)/(free ng)/(free n2)/(free n0)/(truck_at n0)
Execute: (move_car_normal n3 ng)

If holds: (free n3)/(not_flattire)/(tire_at t1 n2)/(free n1)/(car_at n2)/(free ng)/(free n0)/(truck_at n0)
Execute: (move_car_normal n2 n3)

If holds: (car_at n3)/(free n1)/(not_flattire)/(tire_at t1 n2)/(free ng)/(free n2)/(free n0)/(truck_at n0)
Execute: (move_car_normal n3 ng)

