If holds: (tire_at t6 n0)/(tire_at t2 n0)/(free n1)/(car_at n0)/(tire_at t10 n0)/(tire_at t9 n0)/(tire_at t4 n0)/(not_flattire)/(tire_at t1 n0)/(tire_at t3 n0)/(tire_at t11 n0)/(truck_at n0)/(tire_at t7 n0)/(free n0)/(free n2)/(free ng)/(tire_at t5 n0)/(tire_at t12 n0)/(tire_at t8 n0)
Execute: (loadtire n0 t10)

If holds: (free n2)/(tire_at t6 n0)/(tire_at t2 n0)/(free ng)/(free n1)/(car_at n0)/(tire_at t9 n0)/(loaded t10)/(tire_at t5 n0)/(tire_at t4 n0)/(tire_at t7 n0)/(tire_at t12 n0)/(not_flattire)/(tire_at t1 n0)/(tire_at t3 n0)/(tire_at t8 n0)/(tire_at t11 n0)/(truck_at n0)/(free n0)
Execute: (move_truck n0 n1)

If holds: (free n2)/(tire_at t6 n0)/(tire_at t2 n0)/(free ng)/(truck_at n1)/(car_at n0)/(tire_at t9 n0)/(loaded t10)/(tire_at t5 n0)/(tire_at t4 n0)/(tire_at t12 n0)/(not_flattire)/(tire_at t1 n0)/(tire_at t3 n0)/(tire_at t8 n0)/(tire_at t11 n0)/(free n0)/(tire_at t7 n0)
Execute: (droptire n1 t10)

If holds: (free n2)/(tire_at t6 n0)/(tire_at t2 n0)/(free ng)/(truck_at n1)/(car_at n0)/(tire_at t9 n0)/(tire_at t5 n0)/(tire_at t4 n0)/(tire_at t7 n0)/(tire_at t12 n0)/(not_flattire)/(tire_at t10 n1)/(tire_at t1 n0)/(tire_at t3 n0)/(tire_at t8 n0)/(tire_at t11 n0)/(free n0)
Execute: (move_truck_to_initial n1 n0)

If holds: (free n2)/(tire_at t6 n0)/(tire_at t2 n0)/(free ng)/(free n1)/(car_at n0)/(tire_at t9 n0)/(tire_at t5 n0)/(tire_at t4 n0)/(tire_at t12 n0)/(not_flattire)/(truck_at n0)/(tire_at t10 n1)/(tire_at t1 n0)/(tire_at t3 n0)/(tire_at t8 n0)/(tire_at t11 n0)/(free n0)/(tire_at t7 n0)
Execute: (move_car_spiky n0 n1)

If holds: (free n2)/(tire_at t6 n0)/(tire_at t2 n0)/(free ng)/(tire_at t9 n0)/(tire_at t5 n0)/(tire_at t4 n0)/(tire_at t7 n0)/(tire_at t12 n0)/(not_flattire)/(tire_at t10 n1)/(tire_at t1 n0)/(tire_at t3 n0)/(tire_at t8 n0)/(tire_at t11 n0)/(car_at n1)/(truck_at n0)/(free n0)
Execute: (move_car_normal n1 n2)

If holds: (not_flattire_0)/(free n2)/(tire_at t6 n0)/(tire_at t2 n0)/(free ng)/(tire_at t9 n0)/(tire_at t5 n0)/(tire_at t4 n0)/(tire_at t7 n0)/(tire_at t12 n0)/(tire_at t10 n1)/(tire_at t1 n0)/(tire_at t3 n0)/(tire_at t8 n0)/(tire_at t11 n0)/(car_at n1)/(truck_at n0)/(free n0)
Execute: (fix n1 t10)

If holds: (free n0)/(tire_at t6 n0)/(tire_at t2 n0)/(car_at n2)/(free ng)/(free n1)/(tire_at t9 n0)/(tire_at t5 n0)/(tire_at t4 n0)/(tire_at t12 n0)/(not_flattire)/(tire_at t10 n1)/(tire_at t1 n0)/(tire_at t3 n0)/(tire_at t8 n0)/(tire_at t11 n0)/(truck_at n0)/(tire_at t7 n0)
Execute: (move_car_normal n2 ng)

If holds: (free n0)/(free n2)/(tire_at t6 n0)/(tire_at t2 n0)/(free ng)/(tire_at t9 n0)/(tire_at t5 n0)/(tire_at t4 n0)/(tire_at t12 n0)/(not_flattire)/(tire_at t1 n0)/(tire_at t3 n0)/(tire_at t8 n0)/(tire_at t11 n0)/(car_at n1)/(truck_at n0)/(tire_at t7 n0)
Execute: (move_car_normal n1 n2)

If holds: (tire_at t4 n0)/(tire_at t7 n0)/(tire_at t6 n0)/(tire_at t2 n0)/(car_at n2)/(free ng)/(tire_at t12 n0)/(not_flattire)/(free n1)/(tire_at t1 n0)/(tire_at t9 n0)/(tire_at t3 n0)/(tire_at t8 n0)/(tire_at t11 n0)/(truck_at n0)/(tire_at t5 n0)/(free n0)
Execute: (move_car_normal n2 ng)

