If holds: (tire_at t1 n0)/(free n3)/(truck_at n0)/(car_at n0)/(free n2)/(free ng)/(not_flattire)/(free n1)/(free n0)
Execute: (loadtire n0 t1)

If holds: (truck_at n0)/(free n3)/(car_at n0)/(free n2)/(free ng)/(not_flattire)/(free n1)/(free n0)/(loaded t1)
Execute: (move_truck n0 n1)

If holds: (free n3)/(truck_at n1)/(car_at n0)/(free n2)/(free ng)/(not_flattire)/(free n0)/(loaded t1)
Execute: (droptire n1 t1)

If holds: (free n3)/(truck_at n1)/(car_at n0)/(free n2)/(free n0)/(free ng)/(tire_at t1 n1)/(not_flattire)
Execute: (move_truck_to_initial n1 n0)

If holds: (truck_at n0)/(free n3)/(car_at n0)/(free n2)/(free ng)/(not_flattire)/(free n1)/(free n0)/(tire_at t1 n1)
Execute: (move_car_spiky n0 n1)

If holds: (truck_at n0)/(free n3)/(car_at n1)/(free n2)/(free ng)/(free n0)/(not_flattire_0)/(tire_at t1 n1)
Execute: (fix n1 t1)

If holds: (truck_at n0)/(free n3)/(car_at n1)/(free n2)/(free n0)/(free ng)/(not_flattire)
Execute: (move_car_normal n1 n2)

If holds: (truck_at n0)/(free n3)/(car_at n1)/(free n2)/(free ng)/(not_flattire)/(free n0)/(tire_at t1 n1)
Execute: (move_car_normal n1 n2)

If holds: (truck_at n0)/(free n3)/(free n1)/(free n0)/(free ng)/(car_at n2)/(tire_at t1 n1)/(not_flattire)
Execute: (move_car_normal n2 n3)

If holds: (truck_at n0)/(free n1)/(free n0)/(free n2)/(free ng)/(car_at n3)/(tire_at t1 n1)/(not_flattire)
Execute: (move_car_normal n3 ng)

If holds: (truck_at n0)/(free n3)/(free n1)/(free n0)/(free ng)/(car_at n2)/(not_flattire)
Execute: (move_car_normal n2 n3)

If holds: (truck_at n0)/(free n1)/(free n0)/(free n2)/(free ng)/(car_at n3)/(not_flattire)
Execute: (move_car_normal n3 ng)

