If holds: (clear b5)/(clear b3)/(on b5 b1)/(emptyhand)/(on_table b1)/(on b4 b2)/(clear b4)/(on_table b2)/(on_table b3)
Execute: (init_pick_up b5 b1)

If holds: (clear b1)/(on_table b1)/(on b4 b2)/(clear b4)/(clear b3)/(at_ b5 l0)/(on_table b2)/(on_table b3)
Execute: (move b5 l0 l1)

If holds: (clear b1)/(on_table b1)/(faulty b5 l1)/(on b4 b2)/(clear b4)/(clear b3)/(on_table b2)/(on_table b3)
Execute: (fix b5 l1)

If holds: (clear b1)/(on_table b1)/(on b4 b2)/(clear b4)/(clear b3)/(on_table b2)/(on_table b3)/(at_ b5 l1)
Execute: (move b5 l1 l10)

If holds: (clear b1)/(on_table b1)/(on b4 b2)/(clear b4)/(clear b3)/(faulty b5 l10)/(on_table b2)/(on_table b3)
Execute: (fix b5 l10)

If holds: (clear b1)/(on_table b1)/(at_ b5 l10)/(on b4 b2)/(clear b4)/(clear b3)/(on_table b2)/(on_table b3)
Execute: (pick_up b5)

If holds: (clear b1)/(on_table b1)/(holding b5)/(on b4 b2)/(clear b4)/(clear b3)/(on_table b2)/(on_table b3)
Execute: (put_down b5)

If holds: (clear b5)/(clear b3)/(on_table b2)/(clear b1)/(on_table b1)/(emptyhand)/(on b4 b2)/(clear b4)/(on_table b3)/(on_table b5)
Execute: (init_pick_up b4 b2)

If holds: (clear b5)/(clear b2)/(clear b3)/(clear b1)/(on_table b1)/(at_ b4 l0)/(on_table b2)/(on_table b3)/(on_table b5)
Execute: (move b4 l0 l1)

If holds: (clear b5)/(clear b2)/(clear b3)/(clear b1)/(on_table b1)/(at_ b4 l1)/(on_table b2)/(on_table b3)/(on_table b5)
Execute: (move b4 l1 l10)

If holds: (clear b5)/(clear b2)/(clear b3)/(clear b1)/(on_table b1)/(at_ b4 l10)/(on_table b2)/(on_table b3)/(on_table b5)
Execute: (pick_up b4)

If holds: (clear b5)/(clear b2)/(clear b3)/(clear b1)/(on_table b1)/(on_table b2)/(holding b4)/(on_table b3)/(on_table b5)
Execute: (put_down b4)

If holds: (clear b5)/(clear b2)/(clear b3)/(faulty b4 l1)/(clear b1)/(on_table b1)/(on_table b2)/(on_table b3)/(on_table b5)
Execute: (fix b4 l1)

If holds: (clear b5)/(clear b2)/(clear b3)/(clear b1)/(on_table b1)/(faulty b4 l10)/(on_table b2)/(on_table b3)/(on_table b5)
Execute: (fix b4 l10)

