If holds: (clear b4)/(on_table b2)/(no_destroyed b4)/(no_detonated b4)/(on b5 b1)/(on b3 b5)/(no_detonated b3)/(no_destroyed b2)/(no_detonated b2)/(no_detonated b1)/(no_detonated b5)/(no_destroyed b3)/(no_destroyed b1)/(no_destroyed_table)/(clear b3)/(emptyhand)/(on_table b1)/(on b4 b2)/(no_destroyed b5)
Execute: (pick_up b4 b2)

If holds: (clear b4)/(on_table b2)/(no_detonated b1)/(no_detonated b5)/(no_destroyed b3)/(no_destroyed b1)/(no_destroyed_table)/(no_destroyed b4)/(holding b4)/(clear b3)/(no_detonated b4)/(clear b2)/(on b5 b1)/(on b3 b5)/(on_table b1)/(no_detonated b3)/(no_destroyed b2)/(no_destroyed b5)/(no_detonated b2)
Execute: (put_down_nodet b4)

If holds: (clear b4)/(on_table b2)/(no_detonated b1)/(no_detonated b5)/(no_destroyed b3)/(no_destroyed b1)/(no_destroyed b4)/(clear b3)/(clear b2)/(on b5 b1)/(on b3 b5)/(emptyhand)/(detonated b4)/(on_table b1)/(no_detonated b3)/(no_destroyed b2)/(no_destroyed b5)/(on_table b4)/(no_detonated b2)
Execute: (pick_up b3 b5)

If holds: (clear b4)/(on_table b2)/(no_detonated b1)/(no_detonated b5)/(no_destroyed b3)/(no_destroyed b1)/(clear b5)/(no_destroyed b4)/(clear b3)/(clear b2)/(on b5 b1)/(detonated b4)/(on_table b1)/(no_detonated b3)/(no_destroyed b2)/(no_destroyed b5)/(holding b3)/(on_table b4)/(no_detonated b2)
Execute: (put_on_block_nodet b3 b4)

If holds: (no_detonated b1)/(on_table b2)/(no_detonated b5)/(detonated b4)/(no_destroyed b3)/(no_destroyed b1)/(clear b5)/(on_table b1)/(no_detonated b2)/(emptyhand)/(detonated b3)/(on_table b4)/(no_destroyed b2)/(on b3 b4)/(clear b3)/(no_destroyed b5)/(clear b2)/(on b5 b1)
Execute: (pick_up b5 b1)

If holds: (no_detonated b1)/(on_table b2)/(no_detonated b5)/(no_destroyed b3)/(no_destroyed b1)/(clear b5)/(clear b3)/(clear b2)/(detonated b3)/(detonated b4)/(on_table b1)/(clear b1)/(no_destroyed b2)/(on b3 b4)/(holding b5)/(no_destroyed b5)/(on_table b4)/(no_detonated b2)
Execute: (put_on_block_nodet b5 b2)

If holds: (clear b4)/(on_table b2)/(no_detonated b1)/(no_detonated b5)/(no_destroyed b3)/(no_destroyed b1)/(no_destroyed_table)/(no_destroyed b4)/(clear b3)/(no_detonated b4)/(clear b2)/(on b5 b1)/(on b3 b5)/(emptyhand)/(on_table b1)/(no_detonated b3)/(no_destroyed b2)/(no_destroyed b5)/(on_table b4)/(no_detonated b2)
Execute: (pick_up b3 b5)

If holds: (clear b4)/(on_table b2)/(no_detonated b1)/(no_detonated b5)/(no_destroyed b3)/(no_destroyed b1)/(no_destroyed_table)/(clear b5)/(no_destroyed b4)/(clear b3)/(no_detonated b4)/(clear b2)/(on b5 b1)/(on_table b1)/(no_detonated b3)/(no_destroyed b2)/(no_destroyed b5)/(holding b3)/(on_table b4)/(no_detonated b2)
Execute: (put_on_block_nodet b3 b4)

If holds: (no_detonated b1)/(on_table b2)/(no_detonated b5)/(no_destroyed b3)/(no_destroyed b1)/(no_destroyed_table)/(clear b5)/(no_destroyed b4)/(clear b3)/(no_detonated b4)/(clear b2)/(on b5 b1)/(emptyhand)/(on_table b1)/(no_detonated b3)/(no_destroyed b2)/(on b3 b4)/(no_destroyed b5)/(on_table b4)/(no_detonated b2)
Execute: (pick_up b5 b1)

If holds: (no_detonated b1)/(on_table b2)/(no_detonated b5)/(no_destroyed b3)/(no_destroyed b1)/(no_destroyed_table)/(clear b5)/(no_destroyed b4)/(clear b3)/(no_detonated b4)/(clear b2)/(on_table b1)/(clear b1)/(no_detonated b3)/(no_destroyed b2)/(on b3 b4)/(holding b5)/(no_destroyed b5)/(on_table b4)/(no_detonated b2)
Execute: (put_on_block_nodet b5 b2)

If holds: (no_detonated b1)/(on_table b2)/(no_detonated b5)/(no_destroyed b3)/(no_destroyed b1)/(no_destroyed_table)/(clear b5)/(clear b3)/(no_detonated b4)/(clear b2)/(on b5 b1)/(emptyhand)/(detonated b3)/(on_table b1)/(no_destroyed b2)/(on b3 b4)/(no_destroyed b5)/(on_table b4)/(no_detonated b2)
Execute: (pick_up b5 b1)

If holds: (no_detonated b1)/(on_table b2)/(no_detonated b5)/(no_destroyed b3)/(no_destroyed b1)/(no_destroyed_table)/(clear b5)/(clear b3)/(no_detonated b4)/(clear b2)/(detonated b3)/(on_table b1)/(clear b1)/(no_destroyed b2)/(on b3 b4)/(holding b5)/(no_destroyed b5)/(on_table b4)/(no_detonated b2)
Execute: (put_on_block_nodet b5 b2)

If holds: (no_detonated b1)/(on_table b2)/(no_detonated b5)/(no_destroyed b3)/(no_destroyed b1)/(clear b5)/(no_destroyed b4)/(clear b3)/(clear b2)/(on b5 b1)/(emptyhand)/(detonated b4)/(on_table b1)/(no_detonated b3)/(no_destroyed b2)/(on b3 b4)/(no_destroyed b5)/(on_table b4)/(no_detonated b2)
Execute: (pick_up b5 b1)

If holds: (no_detonated b1)/(on_table b2)/(no_detonated b5)/(no_destroyed b3)/(no_destroyed b1)/(clear b5)/(no_destroyed b4)/(clear b3)/(clear b2)/(detonated b4)/(on_table b1)/(clear b1)/(no_detonated b3)/(no_destroyed b2)/(on b3 b4)/(holding b5)/(no_destroyed b5)/(on_table b4)/(no_detonated b2)
Execute: (put_on_block_nodet b5 b2)

