If holds: (free n0)/(free n1)/(not_flattire)/(truck_at n0)/(car_at n0)/(free ng)/(tire_at t1 n0)/(free n2)
Execute: (loadtire n0 t1)

If holds: (free n0)/(truck_at n0)/(car_at n0)/(free ng)/(free n1)/(loaded t1)/(not_flattire)/(free n2)
Execute: (move_truck n0 n1)

If holds: (free n0)/(car_at n0)/(free ng)/(truck_at n1)/(free n2)/(loaded t1)/(not_flattire)
Execute: (move_truck n1 n2)

If holds: (free n0)/(car_at n0)/(free ng)/(free n1)/(loaded t1)/(not_flattire)/(truck_at n2)
Execute: (droptire n2 t1)

If holds: (free n0)/(car_at n0)/(free ng)/(free n1)/(tire_at t1 n2)/(not_flattire)/(truck_at n2)
Execute: (move_truck n2 n1)

If holds: (free n0)/(car_at n0)/(free ng)/(truck_at n1)/(free n2)/(not_flattire)/(tire_at t1 n2)
Execute: (move_truck_to_initial n1 n0)

If holds: (free n0)/(free n1)/(tire_at t1 n2)/(not_flattire)/(truck_at n0)/(car_at n0)/(free ng)/(free n2)
Execute: (move_car_normal n0 n1)

If holds: (free n0)/(truck_at n0)/(free ng)/(car_at n1)/(free n2)/(tire_at t1 n2)/(not_flattire)
Execute: (move_car_spiky n1 n2)

If holds: (free n0)/(truck_at n0)/(car_at n2)/(free ng)/(free n1)/(not_flattire)/(tire_at t1 n2)
Execute: (move_car_normal n2 ng)

If holds: (free n0)/(truck_at n0)/(car_at n2)/(free ng)/(free n1)/(tire_at t1 n2)/(not_flattire_0)
Execute: (fix n2 t1)

If holds: (free n0)/(car_at n2)/(truck_at n0)/(free ng)/(free n1)/(not_flattire)
Execute: (move_car_normal n2 ng)

