If holds: (no_destroyed b4)/(clear b1)/(no_detonated b4)/(no_destroyed b1)/(on b4 b5)/(no_detonated b1)/(no_destroyed b3)/(no_destroyed_table)/(on_table b1)/(no_destroyed b2)/(on b2 b3)/(emptyhand)/(clear b4)/(on_table b3)/(clear b2)/(no_detonated b2)/(on_table b5)/(no_detonated b5)/(no_detonated b3)/(no_destroyed b5)
Execute: (pick_up b2 b3)

If holds: (on_table b1)/(no_destroyed b4)/(holding b2)/(no_destroyed b2)/(clear b1)/(clear b3)/(no_detonated b4)/(no_destroyed b1)/(on b4 b5)/(no_detonated b1)/(clear b4)/(on_table b3)/(clear b2)/(no_destroyed b3)/(no_detonated b2)/(on_table b5)/(no_destroyed_table)/(no_detonated b5)/(no_detonated b3)/(no_destroyed b5)
Execute: (put_down_nodet b2)

If holds: (on_table b1)/(no_destroyed b4)/(no_destroyed b2)/(clear b1)/(clear b3)/(no_detonated b4)/(no_destroyed b1)/(on b4 b5)/(on_table b2)/(emptyhand)/(no_detonated b1)/(clear b4)/(on_table b3)/(clear b2)/(no_destroyed b3)/(no_detonated b2)/(on_table b5)/(no_destroyed_table)/(no_detonated b5)/(no_detonated b3)/(no_destroyed b5)
Execute: (pick_up_from_table b1)

If holds: (no_destroyed b4)/(no_destroyed b2)/(clear b1)/(clear b3)/(no_detonated b4)/(no_destroyed b1)/(on b4 b5)/(on_table b2)/(no_detonated b1)/(clear b4)/(on_table b3)/(clear b2)/(no_destroyed b3)/(no_detonated b2)/(on_table b5)/(no_destroyed_table)/(no_detonated b5)/(no_detonated b3)/(holding b1)/(no_destroyed b5)
Execute: (put_on_block_nodet b1 b1)

If holds: (detonated b2)/(on_table b1)/(no_destroyed b4)/(no_destroyed b2)/(clear b1)/(clear b3)/(no_detonated b4)/(no_destroyed b1)/(on b4 b5)/(on_table b2)/(emptyhand)/(no_detonated b1)/(clear b4)/(on_table b3)/(clear b2)/(no_destroyed b3)/(on_table b5)/(no_detonated b5)/(no_detonated b3)/(no_destroyed b5)
Execute: (pick_up_from_table b3)

If holds: (detonated b2)/(on_table b1)/(no_destroyed b4)/(no_destroyed b2)/(clear b1)/(clear b3)/(no_detonated b4)/(no_destroyed b1)/(on b4 b5)/(on_table b2)/(no_detonated b1)/(clear b4)/(clear b2)/(no_destroyed b3)/(holding b3)/(on_table b5)/(no_detonated b5)/(no_detonated b3)/(no_destroyed b5)
Execute: (put_on_block_nodet b3 b4)

If holds: (no_destroyed b4)/(no_destroyed b2)/(clear b3)/(on b1 b1)/(no_detonated b4)/(no_destroyed b1)/(on b4 b5)/(on_table b2)/(emptyhand)/(no_detonated b1)/(clear b4)/(on_table b3)/(clear b2)/(no_destroyed b3)/(no_detonated b2)/(on_table b5)/(no_destroyed_table)/(no_detonated b5)/(no_detonated b3)/(no_destroyed b5)
Execute: (pick_up_from_table b2)

If holds: (no_destroyed b4)/(holding b2)/(no_destroyed b2)/(clear b3)/(on b1 b1)/(no_detonated b4)/(no_destroyed b1)/(on b4 b5)/(no_detonated b1)/(clear b4)/(on_table b3)/(clear b2)/(no_destroyed b3)/(no_detonated b2)/(on_table b5)/(no_destroyed_table)/(no_detonated b5)/(no_detonated b3)/(no_destroyed b5)
Execute: (put_on_block_nodet b2 b2)

If holds: (no_detonated b1)/(detonated b2)/(clear b4)/(on_table b3)/(no_destroyed b4)/(no_destroyed b3)/(no_destroyed b5)/(clear b3)/(on_table b5)/(no_detonated b5)/(on b1 b1)/(no_detonated b4)/(no_destroyed_table)/(no_destroyed b1)/(emptyhand)/(no_detonated b3)/(on b2 b2)/(on b4 b5)
Execute: (pick_up_from_table b3)

If holds: (detonated b2)/(no_destroyed b4)/(clear b3)/(on b1 b1)/(no_detonated b4)/(no_destroyed b1)/(on b4 b5)/(on b2 b2)/(no_detonated b1)/(clear b4)/(no_destroyed b3)/(holding b3)/(on_table b5)/(no_destroyed_table)/(no_detonated b5)/(no_detonated b3)/(no_destroyed b5)
Execute: (put_on_block_nodet b3 b4)

If holds: (no_destroyed b4)/(no_destroyed b2)/(clear b3)/(on b1 b1)/(no_detonated b4)/(no_destroyed b1)/(on b4 b5)/(emptyhand)/(on b2 b2)/(no_detonated b1)/(clear b4)/(on_table b3)/(no_destroyed b3)/(no_detonated b2)/(on_table b5)/(no_destroyed_table)/(no_detonated b5)/(no_detonated b3)/(no_destroyed b5)
Execute: (pick_up_from_table b3)

If holds: (no_destroyed b4)/(no_destroyed b2)/(clear b3)/(on b1 b1)/(no_detonated b4)/(no_destroyed b1)/(on b4 b5)/(on b2 b2)/(no_detonated b1)/(clear b4)/(no_destroyed b3)/(no_detonated b2)/(holding b3)/(on_table b5)/(no_destroyed_table)/(no_detonated b5)/(no_detonated b3)/(no_destroyed b5)
Execute: (put_on_block_nodet b3 b4)

If holds: (no_destroyed b4)/(no_destroyed b2)/(clear b3)/(detonated b1)/(on b1 b1)/(no_detonated b4)/(on b4 b5)/(on_table b2)/(emptyhand)/(clear b4)/(on_table b3)/(clear b2)/(no_destroyed b3)/(no_detonated b2)/(on_table b5)/(no_destroyed_table)/(no_detonated b5)/(no_detonated b3)/(no_destroyed b5)
Execute: (pick_up_from_table b2)

If holds: (no_destroyed b4)/(holding b2)/(no_destroyed b2)/(clear b3)/(detonated b1)/(on b1 b1)/(no_detonated b4)/(on b4 b5)/(clear b4)/(on_table b3)/(clear b2)/(no_destroyed b3)/(no_detonated b2)/(on_table b5)/(no_destroyed_table)/(no_detonated b5)/(no_detonated b3)/(no_destroyed b5)
Execute: (put_on_block_nodet b2 b2)

If holds: (no_destroyed b4)/(no_destroyed b2)/(clear b3)/(detonated b1)/(on b1 b1)/(no_detonated b4)/(on b4 b5)/(emptyhand)/(on b2 b2)/(clear b4)/(on_table b3)/(no_destroyed b3)/(no_detonated b2)/(on_table b5)/(no_destroyed_table)/(no_detonated b5)/(no_detonated b3)/(no_destroyed b5)
Execute: (pick_up_from_table b3)

If holds: (no_destroyed b4)/(no_destroyed b2)/(clear b3)/(detonated b1)/(on b1 b1)/(no_detonated b4)/(on b4 b5)/(on b2 b2)/(clear b4)/(no_destroyed b3)/(no_detonated b2)/(holding b3)/(on_table b5)/(no_destroyed_table)/(no_detonated b5)/(no_detonated b3)/(no_destroyed b5)
Execute: (put_on_block_nodet b3 b4)

If holds: (detonated b2)/(clear b4)/(on_table b3)/(no_destroyed b4)/(no_destroyed b3)/(clear b3)/(on_table b5)/(no_detonated b5)/(on b1 b1)/(detonated b1)/(no_detonated b4)/(no_destroyed_table)/(on b4 b5)/(emptyhand)/(no_detonated b3)/(on b2 b2)/(no_destroyed b5)
Execute: (pick_up_from_table b3)

If holds: (detonated b2)/(clear b4)/(no_destroyed b4)/(no_destroyed b3)/(clear b3)/(holding b3)/(on_table b5)/(no_detonated b5)/(on b1 b1)/(detonated b1)/(no_detonated b4)/(no_destroyed_table)/(on b4 b5)/(no_detonated b3)/(on b2 b2)/(no_destroyed b5)
Execute: (put_on_block_nodet b3 b4)

