If holds: (tire_at t1 n0)/(free ng)/(not_flattire)/(free n1)/(free n0)/(truck_at n0)/(car_at n0)/(free n2)
Execute: (loadtire n0 t1)

If holds: (free n1)/(car_at n0)/(loaded t1)/(free n0)/(truck_at n0)/(free ng)/(free n2)/(not_flattire)
Execute: (move_truck n0 n1)

If holds: (car_at n0)/(free n2)/(truck_at n1)/(free n0)/(free ng)/(loaded t1)/(not_flattire)
Execute: (droptire n1 t1)

If holds: (truck_at n1)/(car_at n0)/(free n0)/(free ng)/(tire_at t1 n1)/(free n2)/(not_flattire)
Execute: (move_truck_to_initial n1 n0)

If holds: (free ng)/(tire_at t1 n1)/(not_flattire)/(free n1)/(free n0)/(truck_at n0)/(car_at n0)/(free n2)
Execute: (move_car_spiky n0 n1)

If holds: (not_flattire_0)/(free n0)/(truck_at n0)/(free ng)/(tire_at t1 n1)/(free n2)/(car_at n1)
Execute: (fix n1 t1)

If holds: (free n0)/(truck_at n0)/(free ng)/(free n2)/(car_at n1)/(not_flattire)
Execute: (move_car_normal n1 n2)

If holds: (free n1)/(car_at n2)/(free n0)/(truck_at n0)/(free ng)/(not_flattire)
Execute: (move_car_normal n2 ng)

If holds: (free n0)/(truck_at n0)/(free ng)/(tire_at t1 n1)/(free n2)/(car_at n1)/(not_flattire)
Execute: (move_car_normal n1 n2)

If holds: (free n1)/(car_at n2)/(free n0)/(truck_at n0)/(free ng)/(tire_at t1 n1)/(not_flattire)
Execute: (move_car_normal n2 ng)

