If holds: (open d3)/(open d2)/(player_at l1)/(open d4)
Execute: (pick_key l1)

If holds: (open d4)/(open d3)/(player_at l1)/(open d2)/(hold_key)
Execute: (move_forward_door_open l1 l2 d2 d3)

If holds: (open d3)/(open d4)/(player_at l2)/(open d2)/(hold_key)
Execute: (move_forward_door_open l2 l3 d3 d4)

If holds: (open d3)/(open d4)/(closed d2)/(player_at l2)/(hold_key)
Execute: (move_forward_door_open l2 l3 d3 d4)

If holds: (open d4)/(player_at l3)/(closed d3)/(open d2)/(hold_key)
Execute: (move_forward_last_door_open l3 l4 d4)

If holds: (open d3)/(closed d4)/(closed d2)/(player_at l3)/(hold_key)
Execute: (move_forward_last_door_closed l3 l4 d4)

If holds: (open d3)/(closed d4)/(player_at l3)/(open d2)/(hold_key)
Execute: (move_forward_last_door_closed l3 l4 d4)

If holds: (open d4)/(closed d2)/(player_at l3)/(closed d3)/(hold_key)
Execute: (move_forward_last_door_open l3 l4 d4)

If holds: (open d3)/(open d4)/(closed d2)/(player_at l3)/(hold_key)
Execute: (move_forward_last_door_open l3 l4 d4)

If holds: (closed d4)/(closed d2)/(player_at l3)/(closed d3)/(hold_key)
Execute: (move_forward_last_door_closed l3 l4 d4)

If holds: (closed d4)/(player_at l3)/(closed d3)/(open d2)/(hold_key)
Execute: (move_forward_last_door_closed l3 l4 d4)

If holds: (open d3)/(open d4)/(player_at l3)/(open d2)/(hold_key)
Execute: (move_forward_last_door_open l3 l4 d4)

If holds: (open d4)/(closed d2)/(player_at l2)/(closed d3)/(hold_key)
Execute: (move_forward_door_closed l2 l3 d3 d4)

If holds: (open d4)/(player_at l2)/(closed d3)/(open d2)/(hold_key)
Execute: (move_forward_door_closed l2 l3 d3 d4)

