If holds: (free n0)/(tire_at t1 n0)/(free n1)/(truck_at n0)/(free ng)/(not_flattire)/(car_at n0)/(tire_at t2 n0)/(tire_at t4 n0)/(tire_at t3 n0)/(free n2)
Execute: (loadtire n0 t2)

If holds: (free n0)/(tire_at t1 n0)/(free n1)/(truck_at n0)/(free ng)/(not_flattire)/(car_at n0)/(loaded t2)/(tire_at t4 n0)/(tire_at t3 n0)/(free n2)
Execute: (move_truck n0 n1)

If holds: (free n0)/(tire_at t1 n0)/(free ng)/(not_flattire)/(car_at n0)/(loaded t2)/(tire_at t4 n0)/(tire_at t3 n0)/(free n2)/(truck_at n1)
Execute: (droptire n1 t2)

If holds: (free n0)/(tire_at t1 n0)/(free ng)/(not_flattire)/(car_at n0)/(tire_at t4 n0)/(tire_at t2 n1)/(tire_at t3 n0)/(free n2)/(truck_at n1)
Execute: (move_truck_to_initial n1 n0)

If holds: (free n0)/(tire_at t1 n0)/(free n1)/(truck_at n0)/(free ng)/(not_flattire)/(car_at n0)/(tire_at t4 n0)/(tire_at t2 n1)/(tire_at t3 n0)/(free n2)
Execute: (move_car_spiky n0 n1)

If holds: (free n0)/(tire_at t1 n0)/(car_at n1)/(truck_at n0)/(free ng)/(not_flattire)/(tire_at t4 n0)/(tire_at t2 n1)/(tire_at t3 n0)/(free n2)
Execute: (move_car_normal n1 n2)

If holds: (free n0)/(tire_at t1 n0)/(car_at n1)/(not_flattire_0)/(truck_at n0)/(free ng)/(tire_at t4 n0)/(tire_at t2 n1)/(tire_at t3 n0)/(free n2)
Execute: (fix n1 t2)

If holds: (free n0)/(tire_at t1 n0)/(car_at n1)/(truck_at n0)/(free ng)/(not_flattire)/(tire_at t4 n0)/(tire_at t3 n0)/(free n2)
Execute: (move_car_normal n1 n2)

If holds: (free n0)/(tire_at t1 n0)/(free n1)/(truck_at n0)/(car_at n2)/(free ng)/(not_flattire)/(tire_at t4 n0)/(tire_at t3 n0)
Execute: (move_car_normal n2 ng)

If holds: (free n0)/(tire_at t1 n0)/(free n1)/(truck_at n0)/(car_at n2)/(free ng)/(not_flattire)/(tire_at t4 n0)/(tire_at t2 n1)/(tire_at t3 n0)
Execute: (move_car_normal n2 ng)

