If holds: (spare_in n18)/(spare_in n24)/(spare_in n21)/(spare_in n15)/(spare_in n14)/(spare_in n6)/(spare_in n5)/(vehicle_at n13)/(spare_in n16)/(spare_in n0)/(spare_in n2)/(not_flattire)/(spare_in n13)/(spare_in n1)/(spare_in n10)
Execute: (loadtire n13)

If holds: (spare_in n18)/(spare_in n24)/(spare_in n21)/(spare_in n15)/(spare_in n6)/(spare_in n5)/(vehicle_at n13)/(spare_in n16)/(spare_in n0)/(spare_in n2)/(not_flattire)/(spare_in n14)/(hasspare)/(spare_in n1)/(spare_in n10)
Execute: (move_car n13 n14)

If holds: (spare_in n18)/(spare_in n24)/(vehicle_at n14)/(spare_in n21)/(spare_in n15)/(spare_in n6)/(spare_in n5)/(spare_in n16)/(spare_in n0)/(spare_in n2)/(hasspare)/(not_flattire)/(spare_in n14)/(spare_in n1)/(spare_in n10)
Execute: (move_car n14 n8)

If holds: (spare_in n18)/(spare_in n24)/(spare_in n21)/(vehicle_at n8)/(spare_in n15)/(spare_in n6)/(spare_in n5)/(spare_in n16)/(spare_in n0)/(spare_in n2)/(hasspare)/(not_flattire)/(spare_in n14)/(spare_in n1)/(spare_in n10)
Execute: (move_car n8 n24)

If holds: (spare_in n18)/(spare_in n24)/(spare_in n21)/(vehicle_at n24)/(spare_in n15)/(spare_in n6)/(spare_in n5)/(spare_in n16)/(spare_in n0)/(spare_in n2)/(hasspare)/(not_flattire)/(spare_in n14)/(spare_in n1)/(spare_in n10)
Execute: (loadtire n24)

If holds: (spare_in n18)/(spare_in n21)/(vehicle_at n24)/(spare_in n15)/(spare_in n6)/(spare_in n5)/(spare_in n16)/(spare_in n0)/(spare_in n2)/(hasspare)/(not_flattire)/(spare_in n14)/(spare_in n1)/(spare_in n10)
Execute: (changetire)

If holds: (spare_in n18)/(spare_in n21)/(vehicle_at n24)/(spare_in n15)/(spare_in n6)/(spare_in n5)/(spare_in n16)/(spare_in n0)/(spare_in n2)/(not_flattire)/(spare_in n14)/(spare_in n1)/(spare_in n10)
Execute: (move_car n24 n18)

If holds: (spare_in n18)/(spare_in n24)/(vehicle_at n14)/(spare_in n21)/(spare_in n15)/(spare_in n6)/(spare_in n5)/(spare_in n16)/(spare_in n0)/(spare_in n2)/(hasspare)/(spare_in n14)/(spare_in n1)/(spare_in n10)
Execute: (loadtire n14)

If holds: (spare_in n18)/(spare_in n24)/(vehicle_at n14)/(spare_in n21)/(spare_in n15)/(spare_in n6)/(spare_in n5)/(spare_in n16)/(spare_in n0)/(spare_in n2)/(hasspare)/(spare_in n1)/(spare_in n10)
Execute: (changetire)

If holds: (spare_in n18)/(spare_in n24)/(vehicle_at n14)/(spare_in n21)/(spare_in n15)/(spare_in n6)/(spare_in n5)/(spare_in n16)/(spare_in n0)/(spare_in n2)/(not_flattire)/(spare_in n1)/(spare_in n10)
Execute: (move_car n14 n18)

If holds: (spare_in n18)/(spare_in n24)/(spare_in n21)/(vehicle_at n8)/(spare_in n15)/(spare_in n6)/(spare_in n5)/(spare_in n16)/(spare_in n0)/(spare_in n2)/(hasspare)/(spare_in n14)/(spare_in n1)/(spare_in n10)
Execute: (changetire)

If holds: (spare_in n18)/(spare_in n24)/(spare_in n21)/(vehicle_at n8)/(spare_in n15)/(spare_in n6)/(spare_in n5)/(spare_in n16)/(spare_in n0)/(spare_in n2)/(not_flattire)/(spare_in n14)/(spare_in n1)/(spare_in n10)
Execute: (move_car n8 n14)

If holds: (spare_in n18)/(spare_in n24)/(vehicle_at n14)/(spare_in n21)/(spare_in n15)/(spare_in n6)/(spare_in n5)/(spare_in n16)/(spare_in n0)/(spare_in n2)/(not_flattire)/(spare_in n14)/(spare_in n1)/(spare_in n10)
Execute: (move_car n14 n6)

If holds: (spare_in n18)/(spare_in n24)/(vehicle_at n6)/(spare_in n21)/(spare_in n15)/(spare_in n6)/(spare_in n5)/(spare_in n16)/(spare_in n0)/(spare_in n2)/(not_flattire)/(spare_in n14)/(spare_in n1)/(spare_in n10)
Execute: (move_car n6 n14)

If holds: (spare_in n18)/(spare_in n24)/(vehicle_at n6)/(spare_in n21)/(spare_in n15)/(spare_in n6)/(spare_in n5)/(spare_in n16)/(spare_in n0)/(spare_in n2)/(spare_in n14)/(spare_in n1)/(spare_in n10)
Execute: (loadtire n6)

If holds: (spare_in n18)/(spare_in n24)/(vehicle_at n14)/(spare_in n21)/(spare_in n15)/(spare_in n6)/(spare_in n5)/(spare_in n16)/(spare_in n0)/(spare_in n2)/(spare_in n14)/(spare_in n1)/(spare_in n10)
Execute: (loadtire n14)

If holds: (spare_in n18)/(spare_in n24)/(vehicle_at n6)/(spare_in n21)/(spare_in n15)/(spare_in n16)/(spare_in n5)/(spare_in n0)/(spare_in n2)/(hasspare)/(spare_in n14)/(spare_in n1)/(spare_in n10)
Execute: (changetire)

If holds: (spare_in n18)/(spare_in n24)/(vehicle_at n6)/(spare_in n21)/(spare_in n15)/(spare_in n16)/(spare_in n5)/(spare_in n0)/(spare_in n2)/(not_flattire)/(spare_in n14)/(spare_in n1)/(spare_in n10)
Execute: (move_car n6 n14)

If holds: (spare_in n18)/(spare_in n24)/(vehicle_at n14)/(spare_in n21)/(spare_in n15)/(spare_in n16)/(spare_in n5)/(spare_in n0)/(spare_in n2)/(not_flattire)/(spare_in n14)/(spare_in n1)/(spare_in n10)
Execute: (move_car n14 n18)

If holds: (spare_in n18)/(spare_in n24)/(spare_in n21)/(vehicle_at n24)/(spare_in n15)/(spare_in n6)/(spare_in n5)/(spare_in n16)/(spare_in n0)/(spare_in n2)/(hasspare)/(spare_in n14)/(spare_in n1)/(spare_in n10)
Execute: (loadtire n24)

If holds: (spare_in n18)/(spare_in n21)/(vehicle_at n24)/(spare_in n15)/(spare_in n6)/(spare_in n5)/(spare_in n16)/(spare_in n0)/(spare_in n2)/(hasspare)/(spare_in n14)/(spare_in n1)/(spare_in n10)
Execute: (changetire)

If holds: (spare_in n18)/(spare_in n24)/(vehicle_at n14)/(spare_in n21)/(spare_in n15)/(spare_in n16)/(spare_in n5)/(spare_in n0)/(spare_in n2)/(spare_in n14)/(spare_in n1)/(spare_in n10)
Execute: (loadtire n14)

If holds: (spare_in n18)/(spare_in n24)/(vehicle_at n14)/(spare_in n21)/(spare_in n15)/(spare_in n16)/(spare_in n5)/(spare_in n0)/(spare_in n2)/(hasspare)/(spare_in n1)/(spare_in n10)
Execute: (changetire)

If holds: (spare_in n18)/(spare_in n24)/(vehicle_at n14)/(spare_in n21)/(spare_in n15)/(spare_in n16)/(spare_in n5)/(spare_in n0)/(spare_in n2)/(not_flattire)/(spare_in n1)/(spare_in n10)
Execute: (move_car n14 n18)

