If holds: (no_destroyed b2)/(no_destroyed b3)/(no_destroyed b5)/(on b4 b2)/(no_detonated b1)/(on_table b1)/(no_destroyed b1)/(no_destroyed b4)/(no_detonated b3)/(no_detonated b5)/(no_detonated b4)/(on b3 b5)/(emptyhand)/(no_destroyed_table)/(clear b4)/(clear b3)/(no_detonated b2)/(on_table b2)/(on b5 b1)
Execute: (pick_up b4 b2)

If holds: (no_destroyed b2)/(no_destroyed b3)/(on b3 b5)/(no_destroyed b5)/(no_detonated b1)/(no_destroyed_table)/(on_table b1)/(clear b2)/(no_destroyed b1)/(clear b4)/(holding b4)/(no_destroyed b4)/(no_detonated b3)/(clear b3)/(no_detonated b2)/(on_table b2)/(no_detonated b5)/(no_detonated b4)/(on b5 b1)
Execute: (put_down_nodet b4)

If holds: (no_destroyed b2)/(no_destroyed b3)/(detonated b4)/(on_table b4)/(on b3 b5)/(no_destroyed b5)/(no_detonated b1)/(emptyhand)/(on_table b1)/(clear b2)/(no_destroyed b1)/(clear b4)/(no_destroyed b4)/(no_detonated b3)/(clear b3)/(no_detonated b2)/(on_table b2)/(no_detonated b5)/(on b5 b1)
Execute: (pick_up b3 b5)

If holds: (no_destroyed b2)/(no_destroyed b3)/(detonated b4)/(on_table b4)/(no_destroyed b5)/(no_detonated b1)/(clear b5)/(on_table b1)/(clear b2)/(no_destroyed b1)/(clear b4)/(no_destroyed b4)/(no_detonated b3)/(clear b3)/(no_detonated b2)/(on_table b2)/(holding b3)/(no_detonated b5)/(on b5 b1)
Execute: (put_on_block_nodet b3 b4)

If holds: (detonated b3)/(no_destroyed b2)/(no_destroyed b3)/(on_table b1)/(on_table b2)/(detonated b4)/(no_detonated b2)/(clear b2)/(no_destroyed b1)/(on b3 b4)/(on_table b4)/(clear b3)/(no_destroyed b5)/(no_detonated b1)/(clear b5)/(no_detonated b5)/(emptyhand)/(on b5 b1)
Execute: (pick_up b5 b1)

If holds: (no_destroyed b2)/(no_destroyed b3)/(detonated b4)/(on b3 b4)/(on_table b4)/(no_destroyed b5)/(no_detonated b1)/(clear b5)/(emptyhand)/(on_table b1)/(clear b2)/(no_destroyed b1)/(no_destroyed b4)/(no_detonated b3)/(clear b3)/(no_detonated b2)/(on_table b2)/(no_detonated b5)/(on b5 b1)
Execute: (pick_up b5 b1)

If holds: (no_destroyed b2)/(no_destroyed b3)/(on_table b4)/(on b3 b5)/(no_destroyed b5)/(no_detonated b1)/(emptyhand)/(no_destroyed_table)/(on_table b1)/(clear b2)/(no_destroyed b1)/(clear b4)/(no_destroyed b4)/(no_detonated b3)/(clear b3)/(no_detonated b2)/(on_table b2)/(no_detonated b5)/(no_detonated b4)/(on b5 b1)
Execute: (pick_up b3 b5)

If holds: (no_destroyed b2)/(no_destroyed b3)/(on_table b4)/(no_destroyed b5)/(no_detonated b1)/(clear b5)/(no_destroyed_table)/(on_table b1)/(clear b2)/(no_destroyed b1)/(clear b4)/(no_destroyed b4)/(no_detonated b3)/(clear b3)/(no_detonated b2)/(on_table b2)/(holding b3)/(no_detonated b5)/(no_detonated b4)/(on b5 b1)
Execute: (put_on_block_nodet b3 b4)

If holds: (no_destroyed b2)/(no_destroyed b3)/(on b3 b4)/(on_table b4)/(no_destroyed b5)/(no_detonated b1)/(clear b5)/(emptyhand)/(no_destroyed_table)/(detonated b3)/(on_table b1)/(clear b2)/(no_destroyed b1)/(clear b3)/(no_detonated b2)/(on_table b2)/(no_detonated b5)/(no_detonated b4)/(on b5 b1)
Execute: (pick_up b5 b1)

If holds: (no_destroyed b2)/(no_destroyed b3)/(detonated b4)/(on b3 b4)/(on_table b4)/(no_destroyed b5)/(no_detonated b1)/(clear b5)/(on_table b1)/(holding b5)/(clear b2)/(no_destroyed b1)/(no_destroyed b4)/(no_detonated b3)/(clear b1)/(clear b3)/(no_detonated b2)/(on_table b2)/(no_detonated b5)
Execute: (put_on_block_nodet b5 b2)

If holds: (no_destroyed b2)/(no_destroyed b3)/(detonated b4)/(on b3 b4)/(on_table b4)/(no_destroyed b5)/(no_detonated b1)/(clear b5)/(detonated b3)/(on_table b1)/(holding b5)/(clear b2)/(no_destroyed b1)/(clear b1)/(clear b3)/(no_detonated b2)/(on_table b2)/(no_detonated b5)
Execute: (put_on_block_nodet b5 b2)

If holds: (no_destroyed b2)/(no_destroyed b3)/(on b3 b4)/(on_table b4)/(no_destroyed b5)/(no_detonated b1)/(clear b5)/(emptyhand)/(no_destroyed_table)/(on_table b1)/(clear b2)/(no_destroyed b1)/(no_destroyed b4)/(no_detonated b3)/(clear b3)/(no_detonated b2)/(on_table b2)/(no_detonated b5)/(no_detonated b4)/(on b5 b1)
Execute: (pick_up b5 b1)

If holds: (no_destroyed b2)/(no_destroyed b3)/(on b3 b4)/(on_table b4)/(no_destroyed b5)/(no_detonated b1)/(clear b5)/(no_destroyed_table)/(on_table b1)/(holding b5)/(clear b2)/(no_destroyed b1)/(no_destroyed b4)/(no_detonated b3)/(clear b1)/(clear b3)/(no_detonated b2)/(on_table b2)/(no_detonated b5)/(no_detonated b4)
Execute: (put_on_block_nodet b5 b2)

If holds: (no_destroyed b2)/(no_destroyed b3)/(on b3 b4)/(on_table b4)/(no_destroyed b5)/(no_detonated b1)/(clear b5)/(no_destroyed_table)/(detonated b3)/(on_table b1)/(holding b5)/(clear b2)/(no_destroyed b1)/(clear b1)/(clear b3)/(no_detonated b2)/(on_table b2)/(no_detonated b5)/(no_detonated b4)
Execute: (put_on_block_nodet b5 b2)

